ERROR - 2021-02-14 03:18:32 --> 404 Page Not Found: /index
ERROR - 2021-02-14 03:18:32 --> 404 Page Not Found: /index
ERROR - 2021-02-14 03:18:34 --> 404 Page Not Found: /index
ERROR - 2021-02-14 03:18:34 --> 404 Page Not Found: /index
ERROR - 2021-02-14 03:18:58 --> Severity: Notice --> Undefined property: stdClass::$logo /Users/acano/Developer/Web/myWebpage/application/modules/admin/views/default/experience/experience.php 58
ERROR - 2021-02-14 03:18:58 --> 404 Page Not Found: /index
ERROR - 2021-02-14 03:18:58 --> 404 Page Not Found: /index
ERROR - 2021-02-14 03:18:58 --> 404 Page Not Found: /index
ERROR - 2021-02-14 03:19:23 --> Severity: Notice --> Undefined property: stdClass::$logo /Users/acano/Developer/Web/myWebpage/application/modules/admin/views/default/experience/experience.php 58
ERROR - 2021-02-14 03:19:24 --> 404 Page Not Found: /index
ERROR - 2021-02-14 03:19:24 --> 404 Page Not Found: /index
ERROR - 2021-02-14 03:28:54 --> 404 Page Not Found: /index
ERROR - 2021-02-14 03:28:54 --> 404 Page Not Found: /index
ERROR - 2021-02-14 03:31:07 --> 404 Page Not Found: /index
ERROR - 2021-02-14 03:31:07 --> 404 Page Not Found: /index
ERROR - 2021-02-14 03:31:07 --> 404 Page Not Found: /index
ERROR - 2021-02-14 03:32:47 --> 404 Page Not Found: /index
ERROR - 2021-02-14 03:32:47 --> 404 Page Not Found: /index
ERROR - 2021-02-14 03:32:47 --> 404 Page Not Found: /index
ERROR - 2021-02-14 03:33:03 --> 404 Page Not Found: /index
ERROR - 2021-02-14 03:33:03 --> 404 Page Not Found: /index
ERROR - 2021-02-14 03:33:51 --> 404 Page Not Found: /index
ERROR - 2021-02-14 03:33:51 --> 404 Page Not Found: /index
ERROR - 2021-02-14 03:33:51 --> 404 Page Not Found: /index
ERROR - 2021-02-14 03:34:13 --> 404 Page Not Found: /index
ERROR - 2021-02-14 03:34:13 --> 404 Page Not Found: /index
ERROR - 2021-02-14 03:34:13 --> 404 Page Not Found: /index
ERROR - 2021-02-14 03:34:51 --> 404 Page Not Found: /index
ERROR - 2021-02-14 03:34:51 --> 404 Page Not Found: /index
ERROR - 2021-02-14 03:34:51 --> 404 Page Not Found: /index
ERROR - 2021-02-14 03:35:30 --> 404 Page Not Found: /index
ERROR - 2021-02-14 03:35:30 --> 404 Page Not Found: /index
ERROR - 2021-02-14 03:35:30 --> 404 Page Not Found: /index
ERROR - 2021-02-14 03:36:52 --> 404 Page Not Found: /index
ERROR - 2021-02-14 03:36:52 --> 404 Page Not Found: /index
ERROR - 2021-02-14 03:36:52 --> 404 Page Not Found: /index
ERROR - 2021-02-14 03:38:05 --> 404 Page Not Found: /index
ERROR - 2021-02-14 03:38:05 --> 404 Page Not Found: /index
ERROR - 2021-02-14 03:38:05 --> 404 Page Not Found: /index
ERROR - 2021-02-14 15:20:06 --> 404 Page Not Found: ../modules/frontend/controllers/Frontend/experience
ERROR - 2021-02-14 15:20:06 --> 404 Page Not Found: /index
ERROR - 2021-02-14 15:20:10 --> 404 Page Not Found: ../modules/frontend/controllers/Frontend/education
ERROR - 2021-02-14 15:20:10 --> 404 Page Not Found: /index
ERROR - 2021-02-14 15:20:12 --> 404 Page Not Found: ../modules/frontend/controllers/Frontend/experience
ERROR - 2021-02-14 15:21:18 --> 404 Page Not Found: /index
ERROR - 2021-02-14 15:21:18 --> 404 Page Not Found: /index
ERROR - 2021-02-14 15:22:29 --> 404 Page Not Found: /index
ERROR - 2021-02-14 15:23:38 --> 404 Page Not Found: /index
ERROR - 2021-02-14 15:23:39 --> 404 Page Not Found: /index
ERROR - 2021-02-14 15:23:40 --> 404 Page Not Found: /index
ERROR - 2021-02-14 15:25:48 --> 404 Page Not Found: ../modules/frontend/controllers/Frontend/experience
ERROR - 2021-02-14 15:26:01 --> 404 Page Not Found: /index
ERROR - 2021-02-14 15:26:05 --> 404 Page Not Found: /index
ERROR - 2021-02-14 15:27:57 --> 404 Page Not Found: /index
ERROR - 2021-02-14 15:28:02 --> Query error: Table 'alonso.project' doesn't exist - Invalid query: SELECT *
FROM `project`
ERROR - 2021-02-14 15:28:02 --> 404 Page Not Found: /index
ERROR - 2021-02-14 15:28:08 --> 404 Page Not Found: ../modules/frontend/controllers/Frontend/education
ERROR - 2021-02-14 15:28:10 --> 404 Page Not Found: /index
ERROR - 2021-02-14 15:28:15 --> Query error: Table 'alonso.project' doesn't exist - Invalid query: SELECT *
FROM `project`
ERROR - 2021-02-14 15:28:49 --> 404 Page Not Found: /index
ERROR - 2021-02-14 15:28:55 --> 404 Page Not Found: ../modules/frontend/controllers/Frontend/experience
ERROR - 2021-02-14 15:29:15 --> Query error: Table 'alonso.project' doesn't exist - Invalid query: SELECT *
FROM `project`
ERROR - 2021-02-14 15:29:19 --> 404 Page Not Found: ../modules/frontend/controllers/Frontend/education
ERROR - 2021-02-14 15:29:23 --> Query error: Table 'alonso.project' doesn't exist - Invalid query: SELECT *
FROM `project`
ERROR - 2021-02-14 15:29:25 --> 404 Page Not Found: /index
ERROR - 2021-02-14 15:29:28 --> 404 Page Not Found: /index
ERROR - 2021-02-14 15:30:02 --> 404 Page Not Found: /index
ERROR - 2021-02-14 15:30:06 --> 404 Page Not Found: /index
ERROR - 2021-02-14 15:30:23 --> 404 Page Not Found: /index
ERROR - 2021-02-14 15:30:23 --> 404 Page Not Found: /index
ERROR - 2021-02-14 15:30:25 --> 404 Page Not Found: /index
ERROR - 2021-02-14 15:30:25 --> 404 Page Not Found: /index
ERROR - 2021-02-14 15:30:28 --> 404 Page Not Found: /index
ERROR - 2021-02-14 15:30:28 --> 404 Page Not Found: /index
ERROR - 2021-02-14 15:30:31 --> 404 Page Not Found: /index
ERROR - 2021-02-14 15:30:31 --> 404 Page Not Found: /index
ERROR - 2021-02-14 15:30:33 --> 404 Page Not Found: /index
ERROR - 2021-02-14 15:30:33 --> 404 Page Not Found: /index
ERROR - 2021-02-14 15:30:43 --> 404 Page Not Found: /index
ERROR - 2021-02-14 15:30:43 --> 404 Page Not Found: /index
ERROR - 2021-02-14 15:30:44 --> 404 Page Not Found: /index
ERROR - 2021-02-14 15:30:44 --> 404 Page Not Found: /index
ERROR - 2021-02-14 15:30:45 --> 404 Page Not Found: /index
ERROR - 2021-02-14 15:30:45 --> 404 Page Not Found: /index
ERROR - 2021-02-14 15:30:45 --> 404 Page Not Found: /index
ERROR - 2021-02-14 15:30:45 --> 404 Page Not Found: /index
ERROR - 2021-02-14 15:30:45 --> 404 Page Not Found: /index
ERROR - 2021-02-14 15:30:51 --> 404 Page Not Found: /index
ERROR - 2021-02-14 15:30:56 --> 404 Page Not Found: ../modules/frontend/controllers/Frontend/experience
ERROR - 2021-02-14 15:31:56 --> 404 Page Not Found: ../modules/frontend/controllers/Frontend/experience
ERROR - 2021-02-14 15:32:53 --> 404 Page Not Found: ../modules/frontend/controllers/Frontend/experience
ERROR - 2021-02-14 15:33:48 --> 404 Page Not Found: ../modules/frontend/controllers/Frontend/experience
ERROR - 2021-02-14 15:33:50 --> 404 Page Not Found: ../modules/frontend/controllers/Frontend/experience
ERROR - 2021-02-14 15:34:03 --> 404 Page Not Found: /index
ERROR - 2021-02-14 15:34:03 --> 404 Page Not Found: /index
ERROR - 2021-02-14 15:35:22 --> 404 Page Not Found: ../modules/frontend/controllers/Frontend/experience
ERROR - 2021-02-14 15:36:22 --> 404 Page Not Found: /index
ERROR - 2021-02-14 15:36:22 --> 404 Page Not Found: /index
ERROR - 2021-02-14 15:36:25 --> 404 Page Not Found: ../modules/frontend/controllers/Frontend/experience
ERROR - 2021-02-14 15:37:09 --> 404 Page Not Found: ../modules/frontend/controllers/Frontend/experience
ERROR - 2021-02-14 15:37:12 --> 404 Page Not Found: /index
ERROR - 2021-02-14 15:37:12 --> 404 Page Not Found: /index
ERROR - 2021-02-14 15:37:14 --> 404 Page Not Found: ../modules/frontend/controllers/Frontend/experience
ERROR - 2021-02-14 15:38:15 --> 404 Page Not Found: /index
ERROR - 2021-02-14 15:38:16 --> 404 Page Not Found: /index
ERROR - 2021-02-14 15:38:58 --> 404 Page Not Found: /index
ERROR - 2021-02-14 15:38:58 --> 404 Page Not Found: /index
ERROR - 2021-02-14 15:39:15 --> 404 Page Not Found: /index
ERROR - 2021-02-14 15:39:15 --> 404 Page Not Found: /index
ERROR - 2021-02-14 15:39:18 --> 404 Page Not Found: /index
ERROR - 2021-02-14 15:39:23 --> 404 Page Not Found: /index
ERROR - 2021-02-14 15:39:23 --> 404 Page Not Found: /index
ERROR - 2021-02-14 15:39:24 --> 404 Page Not Found: /index
ERROR - 2021-02-14 15:39:24 --> 404 Page Not Found: /index
ERROR - 2021-02-14 15:39:26 --> 404 Page Not Found: /index
ERROR - 2021-02-14 15:39:55 --> 404 Page Not Found: /index
ERROR - 2021-02-14 15:39:55 --> 404 Page Not Found: /index
ERROR - 2021-02-14 15:40:27 --> 404 Page Not Found: /index
ERROR - 2021-02-14 15:40:27 --> 404 Page Not Found: /index
ERROR - 2021-02-14 15:40:31 --> 404 Page Not Found: /index
ERROR - 2021-02-14 15:40:31 --> 404 Page Not Found: /index
ERROR - 2021-02-14 15:40:36 --> 404 Page Not Found: /index
ERROR - 2021-02-14 15:40:36 --> 404 Page Not Found: /index
ERROR - 2021-02-14 15:41:00 --> 404 Page Not Found: /index
ERROR - 2021-02-14 15:42:12 --> 404 Page Not Found: /index
ERROR - 2021-02-14 15:42:12 --> 404 Page Not Found: /index
ERROR - 2021-02-14 15:42:23 --> 404 Page Not Found: ../modules/frontend/controllers/Frontend/experience
ERROR - 2021-02-14 15:42:23 --> 404 Page Not Found: /index
ERROR - 2021-02-14 15:45:01 --> 404 Page Not Found: /index
ERROR - 2021-02-14 15:45:01 --> 404 Page Not Found: /index
ERROR - 2021-02-14 15:45:57 --> 404 Page Not Found: /index
ERROR - 2021-02-14 15:45:57 --> 404 Page Not Found: /index
ERROR - 2021-02-14 15:46:07 --> 404 Page Not Found: /index
ERROR - 2021-02-14 15:46:15 --> 404 Page Not Found: ../modules/frontend/controllers/Frontend/experiences
ERROR - 2021-02-14 15:46:50 --> 404 Page Not Found: /index
ERROR - 2021-02-14 15:48:46 --> 404 Page Not Found: /index
ERROR - 2021-02-14 15:48:46 --> 404 Page Not Found: /index
ERROR - 2021-02-14 15:50:43 --> 404 Page Not Found: /index
ERROR - 2021-02-14 15:50:43 --> 404 Page Not Found: /index
ERROR - 2021-02-14 15:50:48 --> Query error: Table 'alonso.project' doesn't exist - Invalid query: SELECT *
FROM `project`
ERROR - 2021-02-14 15:50:48 --> 404 Page Not Found: /index
ERROR - 2021-02-14 15:51:33 --> 404 Page Not Found: ../modules/frontend/controllers/Frontend/experiences
ERROR - 2021-02-14 15:57:35 --> 404 Page Not Found: ../modules/frontend/controllers/Frontend/experience
ERROR - 2021-02-14 15:57:51 --> 404 Page Not Found: /index
ERROR - 2021-02-14 15:58:55 --> 404 Page Not Found: ../modules/frontend/controllers/Frontend/experience
ERROR - 2021-02-14 16:01:09 --> 404 Page Not Found: ../modules/frontend/controllers/Frontend/experience
ERROR - 2021-02-14 16:01:21 --> 404 Page Not Found: ../modules/frontend/controllers/Frontend/experience
ERROR - 2021-02-14 16:02:21 --> 404 Page Not Found: ../modules/frontend/controllers/Frontend/experience
ERROR - 2021-02-14 16:05:37 --> 404 Page Not Found: ../modules/frontend/controllers/Frontend/experience
ERROR - 2021-02-14 16:05:45 --> 404 Page Not Found: /index
ERROR - 2021-02-14 16:05:45 --> 404 Page Not Found: /index
ERROR - 2021-02-14 16:07:23 --> 404 Page Not Found: /index
ERROR - 2021-02-14 16:07:23 --> 404 Page Not Found: /index
ERROR - 2021-02-14 16:07:23 --> 404 Page Not Found: /index
ERROR - 2021-02-14 16:07:26 --> Severity: Notice --> Undefined property: stdClass::$message /Users/acano/Developer/Web/myWebpage/application/modules/admin/views/default/experience/experience.php 71
ERROR - 2021-02-14 16:07:26 --> 404 Page Not Found: /index
ERROR - 2021-02-14 16:07:26 --> 404 Page Not Found: /index
ERROR - 2021-02-14 16:07:26 --> 404 Page Not Found: /index
ERROR - 2021-02-14 16:07:37 --> Severity: Notice --> Undefined property: stdClass::$message /Users/acano/Developer/Web/myWebpage/application/modules/admin/views/default/experience/experience.php 71
ERROR - 2021-02-14 16:07:37 --> 404 Page Not Found: /index
ERROR - 2021-02-14 16:07:37 --> 404 Page Not Found: /index
ERROR - 2021-02-14 16:09:22 --> 404 Page Not Found: /index
ERROR - 2021-02-14 16:09:22 --> 404 Page Not Found: /index
ERROR - 2021-02-14 16:09:31 --> 404 Page Not Found: /index
ERROR - 2021-02-14 16:09:31 --> 404 Page Not Found: /index
ERROR - 2021-02-14 16:11:25 --> 404 Page Not Found: /index
ERROR - 2021-02-14 16:11:25 --> 404 Page Not Found: /index
ERROR - 2021-02-14 16:18:59 --> 404 Page Not Found: /index
ERROR - 2021-02-14 16:18:59 --> 404 Page Not Found: /index
ERROR - 2021-02-14 16:21:51 --> 404 Page Not Found: /index
ERROR - 2021-02-14 16:21:51 --> 404 Page Not Found: /index
ERROR - 2021-02-14 19:02:23 --> 404 Page Not Found: /index
ERROR - 2021-02-14 19:02:23 --> 404 Page Not Found: /index
ERROR - 2021-02-14 19:03:42 --> 404 Page Not Found: /index
ERROR - 2021-02-14 19:03:42 --> 404 Page Not Found: /index
ERROR - 2021-02-14 19:04:13 --> 404 Page Not Found: /index
ERROR - 2021-02-14 19:04:13 --> 404 Page Not Found: /index
ERROR - 2021-02-14 19:04:39 --> 404 Page Not Found: /index
ERROR - 2021-02-14 19:04:40 --> 404 Page Not Found: /index
ERROR - 2021-02-14 19:05:02 --> 404 Page Not Found: /index
ERROR - 2021-02-14 19:05:02 --> 404 Page Not Found: /index
ERROR - 2021-02-14 19:05:04 --> 404 Page Not Found: /index
ERROR - 2021-02-14 19:05:04 --> 404 Page Not Found: /index
ERROR - 2021-02-14 19:05:04 --> 404 Page Not Found: /index
ERROR - 2021-02-14 19:05:18 --> 404 Page Not Found: /index
ERROR - 2021-02-14 19:05:18 --> 404 Page Not Found: /index
ERROR - 2021-02-14 19:06:19 --> 404 Page Not Found: /index
ERROR - 2021-02-14 19:06:19 --> 404 Page Not Found: /index
ERROR - 2021-02-14 19:06:43 --> 404 Page Not Found: /index
ERROR - 2021-02-14 19:06:43 --> 404 Page Not Found: /index
ERROR - 2021-02-14 19:06:45 --> 404 Page Not Found: /index
ERROR - 2021-02-14 19:06:45 --> 404 Page Not Found: /index
ERROR - 2021-02-14 19:06:46 --> 404 Page Not Found: /index
ERROR - 2021-02-14 19:07:37 --> 404 Page Not Found: /index
ERROR - 2021-02-14 19:07:37 --> 404 Page Not Found: /index
ERROR - 2021-02-14 20:15:50 --> 404 Page Not Found: ../modules/admin/controllers/Admin/page_items
ERROR - 2021-02-14 20:15:50 --> 404 Page Not Found: /index
ERROR - 2021-02-14 20:15:59 --> Severity: error --> Exception: Unable to locate the model you have specified: Page_item /Users/acano/Developer/Web/myWebpage/vendor/codeigniter/framework/system/core/Loader.php 348
ERROR - 2021-02-14 20:18:40 --> Query error: Table 'alonso.front_item' doesn't exist - Invalid query: SELECT *
FROM `front_item`
WHERE `kind` = 1
ERROR - 2021-02-14 20:22:40 --> Query error: Table 'alonso.front_item' doesn't exist - Invalid query: SELECT *
FROM `front_item`
WHERE `kind` = 1
ERROR - 2021-02-14 20:24:48 --> Query error: Table 'alonso.front_item' doesn't exist - Invalid query: SELECT *
FROM `front_item`
WHERE `kind` = 1
ERROR - 2021-02-14 20:25:46 --> Query error: Table 'alonso.front_item' doesn't exist - Invalid query: SELECT *
FROM `front_item`
WHERE `kind` = 1
ERROR - 2021-02-14 20:25:48 --> Query error: Table 'alonso.front_item' doesn't exist - Invalid query: SELECT *
FROM `front_item`
WHERE `kind` = 1
ERROR - 2021-02-14 20:26:53 --> 404 Page Not Found: ../modules/admin/controllers/Admin/page_items
ERROR - 2021-02-14 20:27:01 --> Query error: Table 'alonso.front_item' doesn't exist - Invalid query: SELECT *
FROM `front_item`
ERROR - 2021-02-14 20:27:01 --> 404 Page Not Found: /index
ERROR - 2021-02-14 20:28:18 --> Query error: Table 'alonso.front_item' doesn't exist - Invalid query: SELECT *
FROM `front_item`
ERROR - 2021-02-14 20:28:20 --> Query error: Table 'alonso.front_item' doesn't exist - Invalid query: SELECT *
FROM `front_item`
WHERE `kind` = 1
ERROR - 2021-02-14 20:28:27 --> Query error: Table 'alonso.front_item' doesn't exist - Invalid query: SELECT *
FROM `front_item`
WHERE `kind` = 1
ERROR - 2021-02-14 20:29:47 --> Query error: Table 'alonso.front_item' doesn't exist - Invalid query: SELECT *
FROM `front_item`
WHERE `kind` = 1
ERROR - 2021-02-14 20:29:49 --> Query error: Table 'alonso.front_item' doesn't exist - Invalid query: SELECT *
FROM `front_item`
ERROR - 2021-02-14 20:29:59 --> Query error: Unknown table 'alonso.front_item' - Invalid query: DROP TABLE `front_item`
ERROR - 2021-02-14 20:31:11 --> Query error: Unknown table 'alonso.experience' - Invalid query: DROP TABLE `experience`
ERROR - 2021-02-14 20:31:48 --> Query error: Unknown table 'alonso.experience' - Invalid query: DROP TABLE `experience`
ERROR - 2021-02-14 20:32:17 --> Query error: Unknown table 'alonso.experience' - Invalid query: DROP TABLE `experience`
ERROR - 2021-02-14 20:32:49 --> Query error: Unknown table 'alonso.experience' - Invalid query: DROP TABLE `experience`
ERROR - 2021-02-14 20:36:15 --> Query error: Unknown table 'alonso.experience' - Invalid query: DROP TABLE `experience`
ERROR - 2021-02-14 20:37:04 --> Query error: Unknown table 'alonso.experience' - Invalid query: DROP TABLE `experience`
ERROR - 2021-02-14 20:37:08 --> Query error: Unknown table 'alonso.experience' - Invalid query: DROP TABLE `experience`
ERROR - 2021-02-14 20:37:17 --> Query error: Unknown table 'alonso.experience' - Invalid query: DROP TABLE `experience`
ERROR - 2021-02-14 20:38:43 --> Query error: Unknown table 'alonso.experience' - Invalid query: DROP TABLE `experience`
ERROR - 2021-02-14 20:39:03 --> Query error: Unknown table 'alonso.experience' - Invalid query: DROP TABLE `experience`
ERROR - 2021-02-14 20:39:31 --> Severity: error --> Exception: syntax error, unexpected end of file, expecting function (T_FUNCTION) or const (T_CONST) /Users/acano/Developer/Web/myWebpage/application/database/migrations/010_Experience.php 110
ERROR - 2021-02-14 20:39:57 --> Severity: error --> Exception: syntax error, unexpected end of file, expecting function (T_FUNCTION) or const (T_CONST) /Users/acano/Developer/Web/myWebpage/application/database/migrations/010_Experience.php 111
ERROR - 2021-02-14 20:40:32 --> Severity: error --> Exception: syntax error, unexpected end of file, expecting function (T_FUNCTION) or const (T_CONST) /Users/acano/Developer/Web/myWebpage/application/database/migrations/010_Experience.php 110
ERROR - 2021-02-14 20:40:54 --> Query error: Unknown table 'alonso.experience' - Invalid query: DROP TABLE `experience`
ERROR - 2021-02-14 20:41:21 --> Query error: Unknown table 'alonso.front_item' - Invalid query: DROP TABLE `front_item`
ERROR - 2021-02-14 20:41:52 --> Query error: Unknown table 'alonso.experience' - Invalid query: DROP TABLE `experience`
ERROR - 2021-02-14 20:42:45 --> 404 Page Not Found: /index
ERROR - 2021-02-14 20:42:45 --> 404 Page Not Found: /index
ERROR - 2021-02-14 20:43:00 --> 404 Page Not Found: ../modules/frontend/controllers/Frontend/experience
ERROR - 2021-02-14 20:43:34 --> 404 Page Not Found: ../modules/frontend/controllers/Frontend/experience
