ERROR - 2021-02-15 15:31:43 --> 404 Page Not Found: /index
ERROR - 2021-02-15 15:31:53 --> 404 Page Not Found: /index
ERROR - 2021-02-15 15:31:53 --> 404 Page Not Found: /index
ERROR - 2021-02-15 15:40:20 --> Query error: You have an error in your SQL syntax; check the manual that corresponds to your MySQL server version for the right syntax to use near '(128) NULL,
	`kind` int(16) NULL,
	`priority` INTEGER(11) NULL,
	`image` VARCHAR' at line 5 - Invalid query: CREATE TABLE `experience` (
	`id` INT(11) NOT NULL AUTO_INCREMENT,
	`company` VARCHAR(64) NOT NULL,
	`position` VARCHAR(128) NULL,
	`description` LONGTEXT(128) NULL,
	`kind` int(16) NULL,
	`priority` INTEGER(11) NULL,
	`image` VARCHAR(128) NULL,
	`image_url` VARCHAR(254) NULL,
	`video` VARCHAR(128) NULL,
	`video_url` VARCHAR(254) NULL,
	`url` VARCHAR(254) NULL,
	`start_date` VARCHAR(32) NULL,
	`end_date` VARCHAR(32) NULL,
	`location` VARCHAR(32) NULL,
	`content` LONGTEXT NULL,
	`last_update` TIMESTAMP NOT NULL,
	`create_date` TIMESTAMP NOT NULL,
	CONSTRAINT `pk_experience` PRIMARY KEY(`id`)
) DEFAULT CHARACTER SET = utf8 COLLATE = utf8_general_ci
ERROR - 2021-02-15 15:41:08 --> Query error: You have an error in your SQL syntax; check the manual that corresponds to your MySQL server version for the right syntax to use near '(128) NULL,
	`kind` int(16) NULL,
	`priority` INTEGER(11) NULL,
	`image` VARCHAR' at line 5 - Invalid query: CREATE TABLE `experience` (
	`id` INT(11) NOT NULL AUTO_INCREMENT,
	`company` VARCHAR(64) NOT NULL,
	`position` VARCHAR(128) NULL,
	`description` LONGTEXT(128) NULL,
	`kind` int(16) NULL,
	`priority` INTEGER(11) NULL,
	`image` VARCHAR(128) NULL,
	`image_url` VARCHAR(254) NULL,
	`video` VARCHAR(128) NULL,
	`video_url` VARCHAR(254) NULL,
	`url` VARCHAR(254) NULL,
	`start_date` VARCHAR(32) NULL,
	`end_date` VARCHAR(32) NULL,
	`location` VARCHAR(32) NULL,
	`content` LONGTEXT NULL,
	`last_update` TIMESTAMP NOT NULL,
	`create_date` TIMESTAMP NOT NULL,
	CONSTRAINT `pk_experience` PRIMARY KEY(`id`)
) DEFAULT CHARACTER SET = utf8 COLLATE = utf8_general_ci
ERROR - 2021-02-15 15:41:14 --> Query error: You have an error in your SQL syntax; check the manual that corresponds to your MySQL server version for the right syntax to use near '(128) NULL,
	`kind` int(16) NULL,
	`priority` INTEGER(11) NULL,
	`image` VARCHAR' at line 5 - Invalid query: CREATE TABLE `experience` (
	`id` INT(11) NOT NULL AUTO_INCREMENT,
	`company` VARCHAR(64) NOT NULL,
	`position` VARCHAR(128) NULL,
	`description` LONGTEXT(128) NULL,
	`kind` int(16) NULL,
	`priority` INTEGER(11) NULL,
	`image` VARCHAR(128) NULL,
	`image_url` VARCHAR(254) NULL,
	`video` VARCHAR(128) NULL,
	`video_url` VARCHAR(254) NULL,
	`url` VARCHAR(254) NULL,
	`start_date` VARCHAR(32) NULL,
	`end_date` VARCHAR(32) NULL,
	`location` VARCHAR(32) NULL,
	`content` LONGTEXT NULL,
	`last_update` TIMESTAMP NOT NULL,
	`create_date` TIMESTAMP NOT NULL,
	CONSTRAINT `pk_experience` PRIMARY KEY(`id`)
) DEFAULT CHARACTER SET = utf8 COLLATE = utf8_general_ci
ERROR - 2021-02-15 15:45:20 --> Query error: You have an error in your SQL syntax; check the manual that corresponds to your MySQL server version for the right syntax to use near '(128) NULL,
	`kind` INT(16) NULL,
	`priority` INT(11) NULL,
	`image` VARCHAR(128' at line 5 - Invalid query: CREATE TABLE `experience` (
	`id` INT(11) NOT NULL AUTO_INCREMENT,
	`company` VARCHAR(64) NOT NULL,
	`position` VARCHAR(128) NULL,
	`description` LONGTEXT(128) NULL,
	`kind` INT(16) NULL,
	`priority` INT(11) NULL,
	`image` VARCHAR(128) NULL,
	`image_url` VARCHAR(254) NULL,
	`video` VARCHAR(128) NULL,
	`video_url` VARCHAR(254) NULL,
	`url` VARCHAR(254) NULL,
	`start_date` VARCHAR(32) NULL,
	`end_date` VARCHAR(32) NULL,
	`location` VARCHAR(64) NULL,
	`content` LONGTEXT NULL,
	`last_update` TIMESTAMP NOT NULL,
	`create_date` TIMESTAMP NOT NULL,
	CONSTRAINT `pk_experience` PRIMARY KEY(`id`)
) DEFAULT CHARACTER SET = utf8 COLLATE = utf8_general_ci
ERROR - 2021-02-15 15:46:33 --> Query error: You have an error in your SQL syntax; check the manual that corresponds to your MySQL server version for the right syntax to use near '(128) NULL,
	`kind` INT(16) NULL,
	`priority` INT(11) NULL,
	`image` VARCHAR(128' at line 5 - Invalid query: CREATE TABLE `experience` (
	`id` INT(11) NOT NULL AUTO_INCREMENT,
	`company` VARCHAR(64) NOT NULL,
	`position` VARCHAR(128) NULL,
	`description` LONGTEXT(128) NULL,
	`kind` INT(16) NULL,
	`priority` INT(11) NULL,
	`image` VARCHAR(128) NULL,
	`image_url` VARCHAR(254) NULL,
	`video` VARCHAR(128) NULL,
	`video_url` VARCHAR(254) NULL,
	`url` VARCHAR(254) NULL,
	`start_date` VARCHAR(32) NULL,
	`end_date` VARCHAR(32) NULL,
	`location` VARCHAR(64) NULL,
	`content` LONGTEXT NULL,
	`last_update` TIMESTAMP NOT NULL,
	`create_date` TIMESTAMP NOT NULL,
	CONSTRAINT `pk_experience` PRIMARY KEY(`id`)
) DEFAULT CHARACTER SET = utf8 COLLATE = utf8_general_ci
ERROR - 2021-02-15 15:48:41 --> Query error: You have an error in your SQL syntax; check the manual that corresponds to your MySQL server version for the right syntax to use near '(128) NULL,
	`priority` INT(11) NULL,
	`image` VARCHAR(128) NULL,
	`image_url` V' at line 5 - Invalid query: CREATE TABLE `experience` (
	`id` INT(11) NOT NULL AUTO_INCREMENT,
	`company` VARCHAR(64) NOT NULL,
	`position` VARCHAR(128) NULL,
	`description` LONGTEXT(128) NULL,
	`priority` INT(11) NULL,
	`image` VARCHAR(128) NULL,
	`image_url` VARCHAR(254) NULL,
	`start_date` VARCHAR(32) NULL,
	`end_date` VARCHAR(32) NULL,
	`location` VARCHAR(64) NULL,
	`content` LONGTEXT NULL,
	`last_update` TIMESTAMP NOT NULL,
	`create_date` TIMESTAMP NOT NULL,
	CONSTRAINT `pk_experience` PRIMARY KEY(`id`)
) DEFAULT CHARACTER SET = utf8 COLLATE = utf8_general_ci
ERROR - 2021-02-15 15:49:58 --> Query error: You have an error in your SQL syntax; check the manual that corresponds to your MySQL server version for the right syntax to use near '(128) NULL,
	`priority` INT(11) NULL,
	`image` VARCHAR(128) NULL,
	`image_url` V' at line 5 - Invalid query: CREATE TABLE `experience` (
	`id` INT(11) NOT NULL AUTO_INCREMENT,
	`company` VARCHAR(64) NOT NULL,
	`position` VARCHAR(128) NULL,
	`description` LONGTEXT(128) NULL,
	`priority` INT(11) NULL,
	`image` VARCHAR(128) NULL,
	`image_url` VARCHAR(254) NULL,
	`start_date` VARCHAR(32) NULL,
	`end_date` VARCHAR(32) NULL,
	`location` VARCHAR(64) NULL,
	`content` LONGTEXT NULL,
	`last_update` TIMESTAMP NOT NULL,
	`create_date` TIMESTAMP NOT NULL,
	CONSTRAINT `pk_experience` PRIMARY KEY(`id`)
) DEFAULT CHARACTER SET = utf8 COLLATE = utf8_general_ci
ERROR - 2021-02-15 15:50:04 --> Query error: You have an error in your SQL syntax; check the manual that corresponds to your MySQL server version for the right syntax to use near '(128) NULL,
	`priority` INT(11) NULL,
	`image` VARCHAR(128) NULL,
	`image_url` V' at line 5 - Invalid query: CREATE TABLE `experience` (
	`id` INT(11) NOT NULL AUTO_INCREMENT,
	`company` VARCHAR(64) NOT NULL,
	`position` VARCHAR(128) NULL,
	`description` LONGTEXT(128) NULL,
	`priority` INT(11) NULL,
	`image` VARCHAR(128) NULL,
	`image_url` VARCHAR(254) NULL,
	`start_date` VARCHAR(32) NULL,
	`end_date` VARCHAR(32) NULL,
	`location` VARCHAR(64) NULL,
	`content` LONGTEXT NULL,
	`last_update` TIMESTAMP NOT NULL,
	`create_date` TIMESTAMP NOT NULL,
	CONSTRAINT `pk_experience` PRIMARY KEY(`id`)
) DEFAULT CHARACTER SET = utf8 COLLATE = utf8_general_ci
ERROR - 2021-02-15 15:51:18 --> Query error: You have an error in your SQL syntax; check the manual that corresponds to your MySQL server version for the right syntax to use near '(128) NULL,
	`start_date` VARCHAR(32) NULL,
	`end_date` VARCHAR(32) NULL,
	`loca' at line 5 - Invalid query: CREATE TABLE `experience` (
	`id` INT(11) NOT NULL AUTO_INCREMENT,
	`company` VARCHAR(64) NOT NULL,
	`position` VARCHAR(128) NULL,
	`description` LONGTEXT(128) NULL,
	`start_date` VARCHAR(32) NULL,
	`end_date` VARCHAR(32) NULL,
	`location` VARCHAR(64) NULL,
	`content` LONGTEXT NULL,
	`last_update` TIMESTAMP NOT NULL,
	`create_date` TIMESTAMP NOT NULL,
	CONSTRAINT `pk_experience` PRIMARY KEY(`id`)
) DEFAULT CHARACTER SET = utf8 COLLATE = utf8_general_ci
ERROR - 2021-02-15 15:51:48 --> Query error: Unknown column 'priority' in 'field list' - Invalid query: INSERT INTO `experience` (`company`, `position`, `priority`, `image`, `image_url`, `start_date`, `end_date`, `location`, `content`) VALUES ('Ixaya', 'Deep Learning and Web developer', 1, '', '', 'May 2020', '', 'Leon, Gto', '<div class=\"page\" title=\"Page 1\"><div class=\"layoutArea\"><div class=\"column\"><ul><li><p>The objective is to extract key data from policy documents in order to generate a data base</p></li><li><p>Used Deep Learning and Image Processing techniques for document classification and data extraction</p></li><li><p>Facilitates workers’ data filling process into the system</p></li></ul></div></div></div>')
ERROR - 2021-02-15 15:52:25 --> Query error: Table 'experience' already exists - Invalid query: CREATE TABLE `experience` (
	`id` INT(11) NOT NULL AUTO_INCREMENT,
	`company` VARCHAR(64) NOT NULL,
	`position` VARCHAR(128) NULL,
	`priority` INT(11) NULL,
	`start_date` VARCHAR(32) NULL,
	`end_date` VARCHAR(32) NULL,
	`location` VARCHAR(64) NULL,
	`content` LONGTEXT NULL,
	`last_update` TIMESTAMP NOT NULL,
	`create_date` TIMESTAMP NOT NULL,
	CONSTRAINT `pk_experience` PRIMARY KEY(`id`)
) DEFAULT CHARACTER SET = utf8 COLLATE = utf8_general_ci
ERROR - 2021-02-15 15:56:05 --> Query error: Unknown column 'image' in 'field list' - Invalid query: INSERT INTO `experience` (`company`, `position`, `priority`, `image`, `image_url`, `start_date`, `end_date`, `location`, `content`) VALUES ('Ixaya', 'Deep Learning and Web developer', 1, '', '', 'May 2020', '', 'Leon, Gto', '<div class=\"page\" title=\"Page 1\"><div class=\"layoutArea\"><div class=\"column\"><ul><li><p>The objective is to extract key data from policy documents in order to generate a data base</p></li><li><p>Used Deep Learning and Image Processing techniques for document classification and data extraction</p></li><li><p>Facilitates workers’ data filling process into the system</p></li></ul></div></div></div>')
ERROR - 2021-02-15 15:57:22 --> Query error: You have an error in your SQL syntax; check the manual that corresponds to your MySQL server version for the right syntax to use near '(128) NULL,
	`kind` INT(16) NULL,
	`priority` INT(11) NULL,
	`image` VARCHAR(128' at line 5 - Invalid query: CREATE TABLE `experience` (
	`id` INT(11) NOT NULL AUTO_INCREMENT,
	`company` VARCHAR(64) NOT NULL,
	`position` VARCHAR(128) NULL,
	`description` LONGTEXT(128) NULL,
	`kind` INT(16) NULL,
	`priority` INT(11) NULL,
	`image` VARCHAR(128) NULL,
	`image_url` VARCHAR(254) NULL,
	`video` VARCHAR(128) NULL,
	`video_url` VARCHAR(254) NULL,
	`url` VARCHAR(254) NULL,
	`start_date` VARCHAR(32) NULL,
	`end_date` VARCHAR(32) NULL,
	`location` VARCHAR(64) NULL,
	`content` LONGTEXT NULL,
	`last_update` TIMESTAMP NOT NULL,
	`create_date` TIMESTAMP NOT NULL,
	CONSTRAINT `pk_experience` PRIMARY KEY(`id`)
) DEFAULT CHARACTER SET = utf8 COLLATE = utf8_general_ci
ERROR - 2021-02-15 15:59:44 --> Query error: You have an error in your SQL syntax; check the manual that corresponds to your MySQL server version for the right syntax to use near '(128) NULL,
	`kind` INT(16) NULL,
	`priority` INT(11) NULL,
	`image` VARCHAR(128' at line 5 - Invalid query: CREATE TABLE `experience` (
	`id` INT(11) NOT NULL AUTO_INCREMENT,
	`company` VARCHAR(64) NOT NULL,
	`position` VARCHAR(128) NULL,
	`description` LONGTEXT(128) NULL,
	`kind` INT(16) NULL,
	`priority` INT(11) NULL,
	`image` VARCHAR(128) NULL,
	`image_url` VARCHAR(254) NULL,
	`video` VARCHAR(128) NULL,
	`video_url` VARCHAR(254) NULL,
	`url` VARCHAR(254) NULL,
	`start_date` VARCHAR(32) NULL,
	`end_date` VARCHAR(32) NULL,
	`location` VARCHAR(64) NULL,
	`content` LONGTEXT NULL,
	`last_update` TIMESTAMP NOT NULL,
	`create_date` TIMESTAMP NOT NULL,
	CONSTRAINT `pk_experience` PRIMARY KEY(`id`)
) DEFAULT CHARACTER SET = utf8 COLLATE = utf8_general_ci
ERROR - 2021-02-15 16:01:32 --> Query error: You have an error in your SQL syntax; check the manual that corresponds to your MySQL server version for the right syntax to use near '(128) NULL,
	`kind` INT(16) NULL,
	`priority` INT(11) NULL,
	`image` VARCHAR(128' at line 5 - Invalid query: CREATE TABLE `experience` (
	`id` INT(11) NOT NULL AUTO_INCREMENT,
	`company` VARCHAR(64) NULL,
	`position` VARCHAR(128) NULL,
	`description` LONGTEXT(128) NULL,
	`kind` INT(16) NULL,
	`priority` INT(11) NULL,
	`image` VARCHAR(128) NULL,
	`image_url` VARCHAR(254) NULL,
	`video` VARCHAR(128) NULL,
	`video_url` VARCHAR(254) NULL,
	`url` VARCHAR(254) NULL,
	`start_date` VARCHAR(32) NULL,
	`end_date` VARCHAR(32) NULL,
	`location` VARCHAR(64) NULL,
	`content` LONGTEXT NULL,
	`last_update` TIMESTAMP NOT NULL,
	`create_date` TIMESTAMP NOT NULL,
	CONSTRAINT `pk_experience` PRIMARY KEY(`id`)
) DEFAULT CHARACTER SET = utf8 COLLATE = utf8_general_ci
ERROR - 2021-02-15 16:02:11 --> Query error: You have an error in your SQL syntax; check the manual that corresponds to your MySQL server version for the right syntax to use near '(128) NULL,
	`kind` INT(16) NULL,
	`priority` INT(11) NULL,
	`image` VARCHAR(128' at line 5 - Invalid query: CREATE TABLE `experience` (
	`id` INT(11) NOT NULL AUTO_INCREMENT,
	`company` VARCHAR(64) NULL,
	`position` VARCHAR(128) NULL,
	`description` LONGTEXT(128) NULL,
	`kind` INT(16) NULL,
	`priority` INT(11) NULL,
	`image` VARCHAR(128) NULL,
	`image_url` VARCHAR(254) NULL,
	`video` VARCHAR(128) NULL,
	`video_url` VARCHAR(254) NULL,
	`url` VARCHAR(254) NULL,
	`start_date` VARCHAR(32) NULL,
	`end_date` VARCHAR(32) NULL,
	`location` VARCHAR(64) NULL,
	`content` LONGTEXT NULL,
	`last_update` TIMESTAMP NOT NULL,
	`create_date` TIMESTAMP NOT NULL,
	CONSTRAINT `pk_experience` PRIMARY KEY(`id`)
) DEFAULT CHARACTER SET = utf8 COLLATE = utf8_general_ci
ERROR - 2021-02-15 16:03:29 --> Query error: You have an error in your SQL syntax; check the manual that corresponds to your MySQL server version for the right syntax to use near '(128) NULL,
	`priority` INT(11) NULL,
	`image` VARCHAR(128) NULL,
	`image_url` V' at line 6 - Invalid query: CREATE TABLE `experience` (
	`id` INT(11) NOT NULL AUTO_INCREMENT,
	`kind` INT(16) NULL,
	`company` VARCHAR(64) NULL,
	`position` VARCHAR(128) NULL,
	`description` LONGTEXT(128) NULL,
	`priority` INT(11) NULL,
	`image` VARCHAR(128) NULL,
	`image_url` VARCHAR(254) NULL,
	`video` VARCHAR(128) NULL,
	`video_url` VARCHAR(254) NULL,
	`url` VARCHAR(254) NULL,
	`start_date` VARCHAR(32) NULL,
	`end_date` VARCHAR(32) NULL,
	`location` VARCHAR(64) NULL,
	`content` LONGTEXT NULL,
	`last_update` TIMESTAMP NOT NULL,
	`create_date` TIMESTAMP NOT NULL,
	CONSTRAINT `pk_experience` PRIMARY KEY(`id`)
) DEFAULT CHARACTER SET = utf8 COLLATE = utf8_general_ci
ERROR - 2021-02-15 16:04:57 --> Query error: You have an error in your SQL syntax; check the manual that corresponds to your MySQL server version for the right syntax to use near '(128) NULL,
	`position` VARCHAR(128) NULL,
	`priority` INT(11) NULL,
	`image` VA' at line 5 - Invalid query: CREATE TABLE `experience` (
	`id` INT(11) NOT NULL AUTO_INCREMENT,
	`kind` INT(16) NULL,
	`title` VARCHAR(64) NULL,
	`description` LONGTEXT(128) NULL,
	`position` VARCHAR(128) NULL,
	`priority` INT(11) NULL,
	`image` VARCHAR(128) NULL,
	`image_url` VARCHAR(254) NULL,
	`video` VARCHAR(128) NULL,
	`video_url` VARCHAR(254) NULL,
	`url` VARCHAR(254) NULL,
	`start_date` VARCHAR(32) NULL,
	`end_date` VARCHAR(32) NULL,
	`location` VARCHAR(64) NULL,
	`content` LONGTEXT NULL,
	`last_update` TIMESTAMP NOT NULL,
	`create_date` TIMESTAMP NOT NULL,
	CONSTRAINT `pk_experience` PRIMARY KEY(`id`)
) DEFAULT CHARACTER SET = utf8 COLLATE = utf8_general_ci
ERROR - 2021-02-15 16:06:04 --> Query error: You have an error in your SQL syntax; check the manual that corresponds to your MySQL server version for the right syntax to use near '(128) NULL,
	`position` VARCHAR(128) NULL,
	`priority` INT(11) NULL,
	`image_nam' at line 5 - Invalid query: CREATE TABLE `experience` (
	`id` INT(11) NOT NULL AUTO_INCREMENT,
	`kind` INT(16) NULL,
	`title` VARCHAR(64) NULL,
	`description` LONGTEXT(128) NULL,
	`position` VARCHAR(128) NULL,
	`priority` INT(11) NULL,
	`image_name` VARCHAR(128) NULL,
	`image_url` VARCHAR(254) NULL,
	`video_name` VARCHAR(128) NULL,
	`video_url` VARCHAR(254) NULL,
	`url` VARCHAR(254) NULL,
	`start_date` VARCHAR(32) NULL,
	`end_date` VARCHAR(32) NULL,
	`location` VARCHAR(64) NULL,
	`content` LONGTEXT NULL,
	`last_update` TIMESTAMP NOT NULL,
	`create_date` TIMESTAMP NOT NULL,
	CONSTRAINT `pk_experience` PRIMARY KEY(`id`)
) DEFAULT CHARACTER SET = utf8 COLLATE = utf8_general_ci
ERROR - 2021-02-15 16:06:51 --> Query error: You have an error in your SQL syntax; check the manual that corresponds to your MySQL server version for the right syntax to use near '(128) NULL,
	`position` VARCHAR(128) NULL,
	`priority` INT(11) NULL,
	`image` VA' at line 5 - Invalid query: CREATE TABLE `experience` (
	`id` INT(11) NOT NULL AUTO_INCREMENT,
	`kind` INT(16) NULL,
	`title` VARCHAR(64) NULL,
	`description` LONGTEXT(128) NULL,
	`position` VARCHAR(128) NULL,
	`priority` INT(11) NULL,
	`image` VARCHAR(128) NULL,
	`image_url` VARCHAR(254) NULL,
	`video` VARCHAR(128) NULL,
	`video_url` VARCHAR(254) NULL,
	`url` VARCHAR(254) NULL,
	`start_date` VARCHAR(32) NULL,
	`end_date` VARCHAR(32) NULL,
	`location` VARCHAR(64) NULL,
	`content` LONGTEXT NULL,
	`last_update` TIMESTAMP NOT NULL,
	`create_date` TIMESTAMP NOT NULL,
	CONSTRAINT `pk_experience` PRIMARY KEY(`id`)
) DEFAULT CHARACTER SET = utf8 COLLATE = utf8_general_ci
ERROR - 2021-02-15 16:08:24 --> 404 Page Not Found: /index
ERROR - 2021-02-15 16:08:24 --> 404 Page Not Found: /index
ERROR - 2021-02-15 16:08:24 --> 404 Page Not Found: /index
ERROR - 2021-02-15 16:08:24 --> 404 Page Not Found: /index
ERROR - 2021-02-15 16:08:24 --> 404 Page Not Found: /index
ERROR - 2021-02-15 16:08:24 --> 404 Page Not Found: /index
ERROR - 2021-02-15 16:08:24 --> 404 Page Not Found: /index
ERROR - 2021-02-15 16:08:24 --> 404 Page Not Found: /index
ERROR - 2021-02-15 16:08:24 --> 404 Page Not Found: /index
ERROR - 2021-02-15 16:08:24 --> 404 Page Not Found: /index
ERROR - 2021-02-15 16:08:24 --> 404 Page Not Found: /index
ERROR - 2021-02-15 16:08:24 --> 404 Page Not Found: /index
ERROR - 2021-02-15 17:34:00 --> Query error: You have an error in your SQL syntax; check the manual that corresponds to your MySQL server version for the right syntax to use near '(128) NULL,
	`position` VARCHAR(128) NULL,
	`priority` INT(11) NULL,
	`image` VA' at line 5 - Invalid query: CREATE TABLE `experience` (
	`id` INT(11) NOT NULL AUTO_INCREMENT,
	`kind` INT(16) NULL,
	`title` VARCHAR(64) NULL,
	`description` LONGTEXT(128) NULL,
	`position` VARCHAR(128) NULL,
	`priority` INT(11) NULL,
	`image` VARCHAR(128) NULL,
	`image_url` VARCHAR(254) NULL,
	`video` VARCHAR(128) NULL,
	`video_url` VARCHAR(254) NULL,
	`url` VARCHAR(254) NULL,
	`start_date` VARCHAR(32) NULL,
	`end_date` VARCHAR(32) NULL,
	`location` VARCHAR(64) NULL,
	`content` LONGTEXT NULL,
	`last_update` TIMESTAMP NOT NULL,
	`create_date` TIMESTAMP NOT NULL,
	CONSTRAINT `pk_experience` PRIMARY KEY(`id`)
) DEFAULT CHARACTER SET = utf8 COLLATE = utf8_general_ci
ERROR - 2021-02-15 17:41:39 --> Query error: You have an error in your SQL syntax; check the manual that corresponds to your MySQL server version for the right syntax to use near '(128) NULL,
	`position` VARCHAR(128) NULL,
	`priority` INT(11) NULL,
	`image` VA' at line 5 - Invalid query: CREATE TABLE `experience` (
	`id` INT(11) NOT NULL AUTO_INCREMENT,
	`kind` INT(16) NULL,
	`title` VARCHAR(64) NULL,
	`description` LONGTEXT(128) NULL,
	`position` VARCHAR(128) NULL,
	`priority` INT(11) NULL,
	`image` VARCHAR(128) NULL,
	`image_url` VARCHAR(254) NULL,
	`video` VARCHAR(128) NULL,
	`video_url` VARCHAR(254) NULL,
	`url` VARCHAR(254) NULL,
	`start_date` VARCHAR(32) NULL,
	`end_date` VARCHAR(32) NULL,
	`location` VARCHAR(64) NULL,
	`content` LONGTEXT NULL,
	`last_update` TIMESTAMP NOT NULL,
	`create_date` TIMESTAMP NOT NULL,
	CONSTRAINT `pk_experience` PRIMARY KEY(`id`)
) DEFAULT CHARACTER SET = utf8 COLLATE = utf8_general_ci
ERROR - 2021-02-15 17:56:04 --> 404 Page Not Found: /index
ERROR - 2021-02-15 17:56:04 --> 404 Page Not Found: /index
