ERROR - 2021-02-10 15:35:23 --> 404 Page Not Found: /index
ERROR - 2021-02-10 15:35:23 --> 404 Page Not Found: /index
ERROR - 2021-02-10 15:35:27 --> 404 Page Not Found: /index
ERROR - 2021-02-10 15:35:27 --> 404 Page Not Found: /index
ERROR - 2021-02-10 15:36:09 --> 404 Page Not Found: /index
ERROR - 2021-02-10 15:36:09 --> 404 Page Not Found: /index
ERROR - 2021-02-10 15:36:11 --> 404 Page Not Found: /index
ERROR - 2021-02-10 15:36:11 --> 404 Page Not Found: /index
ERROR - 2021-02-10 15:37:17 --> 404 Page Not Found: /index
ERROR - 2021-02-10 15:37:17 --> 404 Page Not Found: /index
ERROR - 2021-02-10 15:37:17 --> 404 Page Not Found: /index
ERROR - 2021-02-10 15:37:19 --> Severity: Notice --> Undefined variable: kinds /Users/acano/Developer/Web/myWebpage/application/modules/admin/views/default/experience/experiences.php 76
ERROR - 2021-02-10 15:37:19 --> 404 Page Not Found: /index
ERROR - 2021-02-10 15:37:19 --> 404 Page Not Found: /index
ERROR - 2021-02-10 15:39:41 --> Severity: Notice --> Undefined variable: priority /Users/acano/Developer/Web/myWebpage/application/modules/admin/views/default/experience/experiences.php 76
ERROR - 2021-02-10 15:39:41 --> 404 Page Not Found: /index
ERROR - 2021-02-10 15:39:41 --> 404 Page Not Found: /index
ERROR - 2021-02-10 15:40:54 --> Severity: Notice --> Array to string conversion /Users/acano/Developer/Web/myWebpage/application/modules/admin/views/default/experience/experiences.php 76
ERROR - 2021-02-10 15:40:54 --> Severity: Notice --> Undefined variable: Array /Users/acano/Developer/Web/myWebpage/application/modules/admin/views/default/experience/experiences.php 76
ERROR - 2021-02-10 15:40:54 --> 404 Page Not Found: /index
ERROR - 2021-02-10 15:40:54 --> 404 Page Not Found: /index
ERROR - 2021-02-10 15:41:15 --> 404 Page Not Found: /index
ERROR - 2021-02-10 15:41:15 --> 404 Page Not Found: /index
ERROR - 2021-02-10 15:42:45 --> 404 Page Not Found: /index
ERROR - 2021-02-10 15:42:45 --> 404 Page Not Found: /index
ERROR - 2021-02-10 15:42:47 --> 404 Page Not Found: /index
ERROR - 2021-02-10 15:42:47 --> 404 Page Not Found: /index
ERROR - 2021-02-10 15:42:58 --> 404 Page Not Found: /index
ERROR - 2021-02-10 15:42:58 --> 404 Page Not Found: /index
ERROR - 2021-02-10 15:44:25 --> 404 Page Not Found: /index
ERROR - 2021-02-10 15:44:25 --> 404 Page Not Found: /index
ERROR - 2021-02-10 15:44:26 --> 404 Page Not Found: /index
ERROR - 2021-02-10 15:44:26 --> 404 Page Not Found: /index
ERROR - 2021-02-10 15:46:02 --> Severity: Notice --> Undefined variable: priorities /Users/acano/Developer/Web/myWebpage/application/modules/admin/views/default/experience/experiences.php 76
ERROR - 2021-02-10 15:46:02 --> 404 Page Not Found: /index
ERROR - 2021-02-10 15:46:02 --> 404 Page Not Found: /index
ERROR - 2021-02-10 15:57:01 --> 404 Page Not Found: /index
ERROR - 2021-02-10 15:57:01 --> 404 Page Not Found: /index
ERROR - 2021-02-10 15:57:03 --> 404 Page Not Found: /index
ERROR - 2021-02-10 15:57:03 --> 404 Page Not Found: /index
ERROR - 2021-02-10 15:57:10 --> 404 Page Not Found: /index
ERROR - 2021-02-10 15:57:10 --> 404 Page Not Found: /index
ERROR - 2021-02-10 15:58:47 --> 404 Page Not Found: /index
ERROR - 2021-02-10 15:58:47 --> 404 Page Not Found: /index
ERROR - 2021-02-10 15:58:48 --> 404 Page Not Found: /index
ERROR - 2021-02-10 15:58:48 --> 404 Page Not Found: /index
ERROR - 2021-02-10 15:58:52 --> 404 Page Not Found: /index
ERROR - 2021-02-10 15:58:52 --> 404 Page Not Found: /index
ERROR - 2021-02-10 15:58:54 --> 404 Page Not Found: /index
ERROR - 2021-02-10 15:58:55 --> 404 Page Not Found: /index
ERROR - 2021-02-10 15:58:59 --> 404 Page Not Found: /index
ERROR - 2021-02-10 15:58:59 --> 404 Page Not Found: /index
ERROR - 2021-02-10 15:58:59 --> 404 Page Not Found: /index
ERROR - 2021-02-10 15:58:59 --> 404 Page Not Found: /index
ERROR - 2021-02-10 15:59:00 --> 404 Page Not Found: /index
ERROR - 2021-02-10 15:59:00 --> 404 Page Not Found: /index
ERROR - 2021-02-10 15:59:01 --> 404 Page Not Found: /index
ERROR - 2021-02-10 15:59:01 --> 404 Page Not Found: /index
ERROR - 2021-02-10 16:15:19 --> Severity: Notice --> Undefined variable: priorities /Users/acano/Developer/Web/myWebpage/application/modules/admin/views/default/experience/experiences.php 76
ERROR - 2021-02-10 16:15:19 --> 404 Page Not Found: /index
ERROR - 2021-02-10 16:15:19 --> 404 Page Not Found: /index
ERROR - 2021-02-10 16:15:51 --> 404 Page Not Found: /index
ERROR - 2021-02-10 16:15:51 --> 404 Page Not Found: /index
ERROR - 2021-02-10 16:15:56 --> 404 Page Not Found: /index
ERROR - 2021-02-10 16:15:56 --> 404 Page Not Found: /index
ERROR - 2021-02-10 16:15:58 --> Severity: Notice --> Undefined variable: priorities /Users/acano/Developer/Web/myWebpage/application/modules/admin/views/default/experience/experiences.php 76
ERROR - 2021-02-10 16:15:58 --> 404 Page Not Found: /index
ERROR - 2021-02-10 16:15:58 --> 404 Page Not Found: /index
ERROR - 2021-02-10 16:19:32 --> 404 Page Not Found: /index
ERROR - 2021-02-10 16:19:32 --> 404 Page Not Found: /index
ERROR - 2021-02-10 16:19:36 --> 404 Page Not Found: /index
ERROR - 2021-02-10 16:19:36 --> 404 Page Not Found: /index
ERROR - 2021-02-10 16:19:36 --> 404 Page Not Found: /index
ERROR - 2021-02-10 16:19:36 --> 404 Page Not Found: /index
ERROR - 2021-02-10 16:19:37 --> Severity: Notice --> Undefined variable: priorities /Users/acano/Developer/Web/myWebpage/application/modules/admin/views/default/experience/experiences.php 76
ERROR - 2021-02-10 16:19:38 --> 404 Page Not Found: /index
ERROR - 2021-02-10 16:19:38 --> 404 Page Not Found: /index
ERROR - 2021-02-10 16:19:38 --> 404 Page Not Found: /index
ERROR - 2021-02-10 16:19:38 --> 404 Page Not Found: /index
ERROR - 2021-02-10 16:22:12 --> 404 Page Not Found: /index
ERROR - 2021-02-10 16:22:12 --> 404 Page Not Found: /index
ERROR - 2021-02-10 16:23:08 --> 404 Page Not Found: /index
ERROR - 2021-02-10 16:23:08 --> 404 Page Not Found: /index
ERROR - 2021-02-10 16:23:09 --> 404 Page Not Found: /index
ERROR - 2021-02-10 16:23:09 --> 404 Page Not Found: /index
ERROR - 2021-02-10 16:23:09 --> 404 Page Not Found: /index
ERROR - 2021-02-10 16:23:09 --> 404 Page Not Found: /index
ERROR - 2021-02-10 16:23:10 --> 404 Page Not Found: /index
ERROR - 2021-02-10 16:23:10 --> 404 Page Not Found: /index
ERROR - 2021-02-10 16:23:11 --> 404 Page Not Found: /index
ERROR - 2021-02-10 16:23:11 --> 404 Page Not Found: /index
ERROR - 2021-02-10 16:23:11 --> 404 Page Not Found: /index
ERROR - 2021-02-10 16:23:11 --> 404 Page Not Found: /index
ERROR - 2021-02-10 16:23:12 --> 404 Page Not Found: /index
ERROR - 2021-02-10 16:23:12 --> 404 Page Not Found: /index
ERROR - 2021-02-10 16:23:12 --> 404 Page Not Found: /index
ERROR - 2021-02-10 16:23:12 --> 404 Page Not Found: /index
ERROR - 2021-02-10 16:23:13 --> 404 Page Not Found: /index
ERROR - 2021-02-10 16:23:13 --> 404 Page Not Found: /index
ERROR - 2021-02-10 16:23:14 --> 404 Page Not Found: /index
ERROR - 2021-02-10 16:23:14 --> 404 Page Not Found: /index
ERROR - 2021-02-10 16:23:14 --> 404 Page Not Found: /index
ERROR - 2021-02-10 16:23:14 --> 404 Page Not Found: /index
ERROR - 2021-02-10 16:23:15 --> 404 Page Not Found: /index
ERROR - 2021-02-10 16:23:15 --> 404 Page Not Found: /index
ERROR - 2021-02-10 16:23:16 --> 404 Page Not Found: /index
ERROR - 2021-02-10 16:23:16 --> 404 Page Not Found: /index
ERROR - 2021-02-10 16:34:11 --> 404 Page Not Found: /index
ERROR - 2021-02-10 16:34:11 --> 404 Page Not Found: /index
ERROR - 2021-02-10 16:34:24 --> 404 Page Not Found: /index
ERROR - 2021-02-10 16:34:24 --> 404 Page Not Found: /index
ERROR - 2021-02-10 16:34:25 --> 404 Page Not Found: ../modules/admin/controllers/Admin/experience
ERROR - 2021-02-10 16:34:26 --> 404 Page Not Found: /index
ERROR - 2021-02-10 16:34:26 --> 404 Page Not Found: /index
ERROR - 2021-02-10 16:34:26 --> 404 Page Not Found: /index
ERROR - 2021-02-10 16:34:26 --> 404 Page Not Found: /index
ERROR - 2021-02-10 16:34:31 --> 404 Page Not Found: ../modules/frontend/controllers/Frontend/experinces
ERROR - 2021-02-10 16:35:35 --> 404 Page Not Found: ../modules/frontend/controllers/Frontend/experinces
ERROR - 2021-02-10 16:36:10 --> 404 Page Not Found: ../modules/frontend/controllers/Frontend/experinces
ERROR - 2021-02-10 16:37:41 --> 404 Page Not Found: ../modules/frontend/controllers/Frontend/experinces
ERROR - 2021-02-10 16:38:24 --> 404 Page Not Found: ../modules/frontend/controllers/Frontend/experinces
ERROR - 2021-02-10 16:38:45 --> 404 Page Not Found: /index
ERROR - 2021-02-10 16:38:45 --> 404 Page Not Found: /index
ERROR - 2021-02-10 16:38:49 --> 404 Page Not Found: /index
ERROR - 2021-02-10 16:38:49 --> 404 Page Not Found: /index
ERROR - 2021-02-10 16:38:56 --> 404 Page Not Found: /index
ERROR - 2021-02-10 16:38:56 --> 404 Page Not Found: /index
ERROR - 2021-02-10 16:39:00 --> 404 Page Not Found: ../modules/frontend/controllers/Frontend/experinces
ERROR - 2021-02-10 16:39:03 --> 404 Page Not Found: ../modules/frontend/controllers/Experiences/index
ERROR - 2021-02-10 16:39:03 --> Severity: Warning --> Cannot modify header information - headers already sent by (output started at /Users/acano/Developer/Web/myWebpage/application/modules/frontend/controllers/Experiences.php:1) /Users/acano/Developer/Web/myWebpage/vendor/codeigniter/framework/system/core/Common.php 570
ERROR - 2021-02-10 16:39:04 --> 404 Page Not Found: /index
ERROR - 2021-02-10 16:39:25 --> Severity: Notice --> Undefined variable: icon_items /Users/acano/Developer/Web/myWebpage/application/modules/frontend/views/default/experiences.php 18
ERROR - 2021-02-10 16:39:25 --> Severity: Warning --> Invalid argument supplied for foreach() /Users/acano/Developer/Web/myWebpage/application/modules/frontend/views/default/experiences.php 18
ERROR - 2021-02-10 16:39:25 --> Severity: Notice --> Undefined variable: showcases /Users/acano/Developer/Web/myWebpage/application/modules/frontend/views/default/experiences.php 40
ERROR - 2021-02-10 16:39:25 --> Severity: Warning --> Invalid argument supplied for foreach() /Users/acano/Developer/Web/myWebpage/application/modules/frontend/views/default/experiences.php 40
ERROR - 2021-02-10 16:39:25 --> Severity: Notice --> Undefined variable: testimonials /Users/acano/Developer/Web/myWebpage/application/modules/frontend/views/default/experiences.php 60
ERROR - 2021-02-10 16:39:25 --> Severity: Warning --> Invalid argument supplied for foreach() /Users/acano/Developer/Web/myWebpage/application/modules/frontend/views/default/experiences.php 60
ERROR - 2021-02-10 16:39:25 --> Severity: Notice --> Undefined variable: social_networks /Users/acano/Developer/Web/myWebpage/application/views/frontend/default/footer.php 27
ERROR - 2021-02-10 16:39:25 --> Severity: Warning --> Invalid argument supplied for foreach() /Users/acano/Developer/Web/myWebpage/application/views/frontend/default/footer.php 27
ERROR - 2021-02-10 16:41:31 --> Severity: Notice --> Undefined variable: icon_items /Users/acano/Developer/Web/myWebpage/application/modules/frontend/views/default/experiences.php 18
ERROR - 2021-02-10 16:41:31 --> Severity: Warning --> Invalid argument supplied for foreach() /Users/acano/Developer/Web/myWebpage/application/modules/frontend/views/default/experiences.php 18
ERROR - 2021-02-10 16:41:31 --> Severity: Notice --> Undefined variable: showcases /Users/acano/Developer/Web/myWebpage/application/modules/frontend/views/default/experiences.php 40
ERROR - 2021-02-10 16:41:31 --> Severity: Warning --> Invalid argument supplied for foreach() /Users/acano/Developer/Web/myWebpage/application/modules/frontend/views/default/experiences.php 40
ERROR - 2021-02-10 16:41:31 --> Severity: Notice --> Undefined variable: testimonials /Users/acano/Developer/Web/myWebpage/application/modules/frontend/views/default/experiences.php 60
ERROR - 2021-02-10 16:41:31 --> Severity: Warning --> Invalid argument supplied for foreach() /Users/acano/Developer/Web/myWebpage/application/modules/frontend/views/default/experiences.php 60
ERROR - 2021-02-10 16:41:31 --> Severity: Notice --> Undefined variable: social_networks /Users/acano/Developer/Web/myWebpage/application/views/frontend/default/footer.php 27
ERROR - 2021-02-10 16:41:31 --> Severity: Warning --> Invalid argument supplied for foreach() /Users/acano/Developer/Web/myWebpage/application/views/frontend/default/footer.php 27
ERROR - 2021-02-10 16:41:37 --> Severity: Notice --> Undefined variable: icon_items /Users/acano/Developer/Web/myWebpage/application/modules/frontend/views/default/experiences.php 18
ERROR - 2021-02-10 16:41:37 --> Severity: Warning --> Invalid argument supplied for foreach() /Users/acano/Developer/Web/myWebpage/application/modules/frontend/views/default/experiences.php 18
ERROR - 2021-02-10 16:41:37 --> Severity: Notice --> Undefined variable: showcases /Users/acano/Developer/Web/myWebpage/application/modules/frontend/views/default/experiences.php 40
ERROR - 2021-02-10 16:41:37 --> Severity: Warning --> Invalid argument supplied for foreach() /Users/acano/Developer/Web/myWebpage/application/modules/frontend/views/default/experiences.php 40
ERROR - 2021-02-10 16:41:37 --> Severity: Notice --> Undefined variable: testimonials /Users/acano/Developer/Web/myWebpage/application/modules/frontend/views/default/experiences.php 60
ERROR - 2021-02-10 16:41:37 --> Severity: Warning --> Invalid argument supplied for foreach() /Users/acano/Developer/Web/myWebpage/application/modules/frontend/views/default/experiences.php 60
ERROR - 2021-02-10 16:41:37 --> Severity: Notice --> Undefined variable: social_networks /Users/acano/Developer/Web/myWebpage/application/views/frontend/default/footer.php 27
ERROR - 2021-02-10 16:41:37 --> Severity: Warning --> Invalid argument supplied for foreach() /Users/acano/Developer/Web/myWebpage/application/views/frontend/default/footer.php 27
ERROR - 2021-02-10 16:41:38 --> 404 Page Not Found: ../modules/frontend/controllers/Frontend/experinces
ERROR - 2021-02-10 16:41:39 --> 404 Page Not Found: /index
ERROR - 2021-02-10 16:46:49 --> Severity: Notice --> Undefined variable: icon_items /Users/acano/Developer/Web/myWebpage/application/modules/frontend/views/default/experiences.php 18
ERROR - 2021-02-10 16:46:49 --> Severity: Warning --> Invalid argument supplied for foreach() /Users/acano/Developer/Web/myWebpage/application/modules/frontend/views/default/experiences.php 18
ERROR - 2021-02-10 16:46:49 --> Severity: Notice --> Undefined variable: showcases /Users/acano/Developer/Web/myWebpage/application/modules/frontend/views/default/experiences.php 40
ERROR - 2021-02-10 16:46:49 --> Severity: Warning --> Invalid argument supplied for foreach() /Users/acano/Developer/Web/myWebpage/application/modules/frontend/views/default/experiences.php 40
ERROR - 2021-02-10 16:46:49 --> Severity: Notice --> Undefined variable: testimonials /Users/acano/Developer/Web/myWebpage/application/modules/frontend/views/default/experiences.php 60
ERROR - 2021-02-10 16:46:49 --> Severity: Warning --> Invalid argument supplied for foreach() /Users/acano/Developer/Web/myWebpage/application/modules/frontend/views/default/experiences.php 60
ERROR - 2021-02-10 16:46:49 --> Severity: Notice --> Undefined variable: social_networks /Users/acano/Developer/Web/myWebpage/application/views/frontend/default/footer.php 27
ERROR - 2021-02-10 16:46:49 --> Severity: Warning --> Invalid argument supplied for foreach() /Users/acano/Developer/Web/myWebpage/application/views/frontend/default/footer.php 27
