ERROR - 2021-02-09 00:07:47 --> 404 Page Not Found: /index
ERROR - 2021-02-09 00:07:47 --> 404 Page Not Found: /index
ERROR - 2021-02-09 00:09:04 --> 404 Page Not Found: /index
ERROR - 2021-02-09 00:09:04 --> 404 Page Not Found: /index
ERROR - 2021-02-09 00:09:08 --> 404 Page Not Found: /index
ERROR - 2021-02-09 00:13:17 --> Severity: error --> Exception: Unable to locate the model you have specified: Experiences /Users/acano/Developer/Web/myWebpage/vendor/codeigniter/framework/system/core/Loader.php 348
ERROR - 2021-02-09 00:13:40 --> Severity: error --> Exception: Unable to locate the model you have specified: Experiences /Users/acano/Developer/Web/myWebpage/vendor/codeigniter/framework/system/core/Loader.php 348
ERROR - 2021-02-09 00:13:42 --> Severity: error --> Exception: Unable to locate the model you have specified: Experiences /Users/acano/Developer/Web/myWebpage/vendor/codeigniter/framework/system/core/Loader.php 348
ERROR - 2021-02-09 00:15:13 --> Severity: error --> Exception: syntax error, unexpected '$this' (T_VARIABLE) /Users/acano/Developer/Web/myWebpage/application/modules/admin/controllers/Experience.php 24
ERROR - 2021-02-09 00:17:22 --> 404 Page Not Found: ../modules/admin/controllers/Admin/experiences
ERROR - 2021-02-09 00:17:22 --> 404 Page Not Found: /index
ERROR - 2021-02-09 00:19:23 --> 404 Page Not Found: ../modules/admin/controllers/Experience/index
ERROR - 2021-02-09 00:19:26 --> 404 Page Not Found: ../modules/admin/controllers/Admin/experiences
ERROR - 2021-02-09 00:19:32 --> 404 Page Not Found: ../modules/admin/controllers/Experience/index
ERROR - 2021-02-09 00:19:38 --> 404 Page Not Found: /index
ERROR - 2021-02-09 00:19:38 --> 404 Page Not Found: /index
ERROR - 2021-02-09 00:19:39 --> 404 Page Not Found: ../modules/admin/controllers/Experience/index
ERROR - 2021-02-09 00:20:56 --> 404 Page Not Found: ../modules/admin/controllers/Experience/index
ERROR - 2021-02-09 00:21:46 --> 404 Page Not Found: ../modules/admin/controllers/Experience/index
ERROR - 2021-02-09 00:22:09 --> 404 Page Not Found: ../modules/admin/controllers/Experience/index
ERROR - 2021-02-09 00:22:13 --> 404 Page Not Found: /index
ERROR - 2021-02-09 00:22:13 --> 404 Page Not Found: /index
ERROR - 2021-02-09 00:22:14 --> 404 Page Not Found: ../modules/admin/controllers/Admin/experiences
ERROR - 2021-02-09 00:24:53 --> Severity: Notice --> Undefined variable: page_items_count /Users/acano/Developer/Web/myWebpage/application/modules/admin/views/default/experience/experiences.php 40
ERROR - 2021-02-09 00:24:53 --> Severity: Notice --> Undefined variable: icon_items /Users/acano/Developer/Web/myWebpage/application/modules/admin/views/default/experience/experiences.php 56
ERROR - 2021-02-09 00:24:53 --> Severity: Notice --> Undefined variable: showcases /Users/acano/Developer/Web/myWebpage/application/modules/admin/views/default/experience/experiences.php 73
ERROR - 2021-02-09 00:24:53 --> Severity: Notice --> Undefined variable: testimonials /Users/acano/Developer/Web/myWebpage/application/modules/admin/views/default/experience/experiences.php 90
ERROR - 2021-02-09 00:24:53 --> Severity: Notice --> Undefined variable: social_networks /Users/acano/Developer/Web/myWebpage/application/modules/admin/views/default/experience/experiences.php 111
ERROR - 2021-02-09 00:24:53 --> Severity: Notice --> Undefined variable: about_items /Users/acano/Developer/Web/myWebpage/application/modules/admin/views/default/experience/experiences.php 128
ERROR - 2021-02-09 00:24:53 --> Severity: Notice --> Undefined variable: experiences /Users/acano/Developer/Web/myWebpage/application/modules/admin/views/default/experience/experiences.php 159
ERROR - 2021-02-09 00:24:53 --> Severity: Warning --> count(): Parameter must be an array or an object that implements Countable /Users/acano/Developer/Web/myWebpage/application/modules/admin/views/default/experience/experiences.php 159
ERROR - 2021-02-09 00:24:53 --> 404 Page Not Found: /index
ERROR - 2021-02-09 00:24:53 --> 404 Page Not Found: /index
ERROR - 2021-02-09 00:27:40 --> Severity: Notice --> Undefined property: Experiences::$page_item /Users/acano/Developer/Web/myWebpage/application/modules/admin/controllers/Experiences.php 21
ERROR - 2021-02-09 00:27:40 --> Severity: error --> Exception: Call to a member function count_all() on null /Users/acano/Developer/Web/myWebpage/application/modules/admin/controllers/Experiences.php 21
ERROR - 2021-02-09 00:27:40 --> Severity: Warning --> Cannot modify header information - headers already sent by (output started at /Users/acano/Developer/Web/myWebpage/vendor/codeigniter/framework/system/core/Exceptions.php:271) /Users/acano/Developer/Web/myWebpage/vendor/codeigniter/framework/system/core/Common.php 570
ERROR - 2021-02-09 00:28:10 --> Severity: Warning --> count(): Parameter must be an array or an object that implements Countable /Users/acano/Developer/Web/myWebpage/application/modules/admin/views/default/experience/experiences.php 71
ERROR - 2021-02-09 00:28:10 --> Severity: Warning --> Invalid argument supplied for foreach() /Users/acano/Developer/Web/myWebpage/application/modules/admin/views/default/experience/experiences.php 72
ERROR - 2021-02-09 00:28:10 --> 404 Page Not Found: /index
ERROR - 2021-02-09 00:28:10 --> 404 Page Not Found: /index
ERROR - 2021-02-09 00:30:50 --> Severity: Warning --> count(): Parameter must be an array or an object that implements Countable /Users/acano/Developer/Web/myWebpage/application/modules/admin/views/default/experience/experiences.php 71
ERROR - 2021-02-09 00:30:50 --> 404 Page Not Found: /index
ERROR - 2021-02-09 00:30:50 --> 404 Page Not Found: /index
ERROR - 2021-02-09 00:30:51 --> Severity: Warning --> count(): Parameter must be an array or an object that implements Countable /Users/acano/Developer/Web/myWebpage/application/modules/admin/views/default/experience/experiences.php 71
ERROR - 2021-02-09 00:30:51 --> 404 Page Not Found: /index
ERROR - 2021-02-09 00:30:51 --> 404 Page Not Found: /index
ERROR - 2021-02-09 00:30:53 --> Severity: Warning --> count(): Parameter must be an array or an object that implements Countable /Users/acano/Developer/Web/myWebpage/application/modules/admin/views/default/experience/experiences.php 71
ERROR - 2021-02-09 00:30:53 --> 404 Page Not Found: /index
ERROR - 2021-02-09 00:30:53 --> 404 Page Not Found: /index
ERROR - 2021-02-09 00:31:33 --> Severity: Warning --> count(): Parameter must be an array or an object that implements Countable /Users/acano/Developer/Web/myWebpage/application/modules/admin/views/default/experience/experiences.php 71
ERROR - 2021-02-09 00:31:33 --> 404 Page Not Found: /index
ERROR - 2021-02-09 00:31:33 --> 404 Page Not Found: /index
ERROR - 2021-02-09 00:31:34 --> Severity: Warning --> count(): Parameter must be an array or an object that implements Countable /Users/acano/Developer/Web/myWebpage/application/modules/admin/views/default/experience/experiences.php 71
ERROR - 2021-02-09 00:31:34 --> 404 Page Not Found: /index
ERROR - 2021-02-09 00:31:34 --> 404 Page Not Found: /index
ERROR - 2021-02-09 00:31:34 --> Severity: Warning --> count(): Parameter must be an array or an object that implements Countable /Users/acano/Developer/Web/myWebpage/application/modules/admin/views/default/experience/experiences.php 71
ERROR - 2021-02-09 00:31:35 --> 404 Page Not Found: /index
ERROR - 2021-02-09 00:31:35 --> 404 Page Not Found: /index
ERROR - 2021-02-09 00:31:36 --> Severity: Warning --> count(): Parameter must be an array or an object that implements Countable /Users/acano/Developer/Web/myWebpage/application/modules/admin/views/default/experience/experiences.php 71
ERROR - 2021-02-09 00:31:36 --> 404 Page Not Found: /index
ERROR - 2021-02-09 00:31:36 --> 404 Page Not Found: /index
ERROR - 2021-02-09 00:32:30 --> Severity: Warning --> count(): Parameter must be an array or an object that implements Countable /Users/acano/Developer/Web/myWebpage/application/modules/admin/views/default/experience/experiences.php 71
ERROR - 2021-02-09 00:32:30 --> 404 Page Not Found: /index
ERROR - 2021-02-09 00:32:30 --> 404 Page Not Found: /index
ERROR - 2021-02-09 00:32:53 --> 404 Page Not Found: /index
ERROR - 2021-02-09 00:32:53 --> 404 Page Not Found: /index
ERROR - 2021-02-09 00:34:22 --> 404 Page Not Found: /index
ERROR - 2021-02-09 00:34:22 --> 404 Page Not Found: /index
ERROR - 2021-02-09 00:39:36 --> 404 Page Not Found: /index
ERROR - 2021-02-09 00:39:36 --> 404 Page Not Found: /index
ERROR - 2021-02-09 00:39:41 --> Severity: Notice --> Undefined variable: total_experiences /Users/acano/Developer/Web/myWebpage/application/modules/admin/views/default/experience/experiences.php 40
ERROR - 2021-02-09 00:39:41 --> Severity: Notice --> Undefined variable: experiences /Users/acano/Developer/Web/myWebpage/application/modules/admin/views/default/experience/experiences.php 71
ERROR - 2021-02-09 00:39:41 --> Severity: Warning --> count(): Parameter must be an array or an object that implements Countable /Users/acano/Developer/Web/myWebpage/application/modules/admin/views/default/experience/experiences.php 71
ERROR - 2021-02-09 00:39:41 --> 404 Page Not Found: /index
ERROR - 2021-02-09 00:39:41 --> 404 Page Not Found: /index
ERROR - 2021-02-09 00:39:41 --> 404 Page Not Found: /index
ERROR - 2021-02-09 00:43:02 --> 404 Page Not Found: /index
ERROR - 2021-02-09 00:43:02 --> 404 Page Not Found: /index
ERROR - 2021-02-09 00:43:03 --> Severity: Notice --> Undefined variable: total_experiences /Users/acano/Developer/Web/myWebpage/application/modules/admin/views/default/experience/experiences.php 40
ERROR - 2021-02-09 00:43:03 --> Severity: Notice --> Undefined variable: experiences /Users/acano/Developer/Web/myWebpage/application/modules/admin/views/default/experience/experiences.php 71
ERROR - 2021-02-09 00:43:03 --> Severity: Warning --> count(): Parameter must be an array or an object that implements Countable /Users/acano/Developer/Web/myWebpage/application/modules/admin/views/default/experience/experiences.php 71
ERROR - 2021-02-09 00:43:03 --> 404 Page Not Found: /index
ERROR - 2021-02-09 00:43:03 --> 404 Page Not Found: /index
ERROR - 2021-02-09 00:43:06 --> Severity: Notice --> Undefined variable: total_experiences /Users/acano/Developer/Web/myWebpage/application/modules/admin/views/default/experience/experiences.php 40
ERROR - 2021-02-09 00:43:06 --> Severity: Notice --> Undefined variable: experiences /Users/acano/Developer/Web/myWebpage/application/modules/admin/views/default/experience/experiences.php 71
ERROR - 2021-02-09 00:43:06 --> Severity: Warning --> count(): Parameter must be an array or an object that implements Countable /Users/acano/Developer/Web/myWebpage/application/modules/admin/views/default/experience/experiences.php 71
ERROR - 2021-02-09 00:43:06 --> 404 Page Not Found: /index
ERROR - 2021-02-09 00:43:06 --> 404 Page Not Found: /index
ERROR - 2021-02-09 00:43:42 --> 404 Page Not Found: /index
ERROR - 2021-02-09 00:43:42 --> 404 Page Not Found: /index
ERROR - 2021-02-09 00:43:43 --> 404 Page Not Found: ../modules/admin/controllers/Admin/experience
ERROR - 2021-02-09 00:43:43 --> 404 Page Not Found: /index
ERROR - 2021-02-09 00:44:38 --> 404 Page Not Found: ../modules/admin/controllers/Admin/experience
ERROR - 2021-02-09 00:44:52 --> 404 Page Not Found: ../modules/admin/controllers/Admin/experience
ERROR - 2021-02-09 00:44:54 --> 404 Page Not Found: ../modules/admin/controllers/Admin/experience
ERROR - 2021-02-09 00:51:35 --> 404 Page Not Found: ../modules/admin/controllers/Admin/experience
ERROR - 2021-02-09 00:51:39 --> 404 Page Not Found: ../modules/admin/controllers/Admin/experience
ERROR - 2021-02-09 00:52:06 --> 404 Page Not Found: ../modules/admin/controllers/Admin/experience
ERROR - 2021-02-09 00:52:08 --> 404 Page Not Found: /index
ERROR - 2021-02-09 00:52:08 --> 404 Page Not Found: /index
ERROR - 2021-02-09 00:52:09 --> 404 Page Not Found: ../modules/admin/controllers/Admin/experience
ERROR - 2021-02-09 00:56:03 --> 404 Page Not Found: ../modules/admin/controllers/Admin/experience
ERROR - 2021-02-09 00:56:05 --> 404 Page Not Found: ../modules/admin/controllers/Admin/experience
ERROR - 2021-02-09 00:56:07 --> 404 Page Not Found: ../modules/admin/controllers/Admin/experience
ERROR - 2021-02-09 00:56:19 --> 404 Page Not Found: ../modules/admin/controllers/Admin/experience
ERROR - 2021-02-09 00:56:22 --> 404 Page Not Found: ../modules/admin/controllers/Admin/experience
ERROR - 2021-02-09 00:56:24 --> Severity: Notice --> Undefined property: stdClass::$url /Users/acano/Developer/Web/myWebpage/application/modules/admin/views/default/experience/experience.php 44
ERROR - 2021-02-09 00:56:24 --> Severity: Notice --> Undefined property: stdClass::$faicon /Users/acano/Developer/Web/myWebpage/application/modules/admin/views/default/experience/experience.php 48
ERROR - 2021-02-09 00:56:24 --> Severity: Notice --> Undefined property: stdClass::$kind /Users/acano/Developer/Web/myWebpage/application/modules/admin/views/default/experience/experience.php 56
ERROR - 2021-02-09 00:56:24 --> Severity: Notice --> Undefined variable: kinds /Users/acano/Developer/Web/myWebpage/application/modules/admin/views/default/experience/experience.php 59
ERROR - 2021-02-09 00:56:24 --> Severity: Warning --> Invalid argument supplied for foreach() /Users/acano/Developer/Web/myWebpage/application/modules/admin/views/default/experience/experience.php 59
ERROR - 2021-02-09 00:56:24 --> 404 Page Not Found: /index
ERROR - 2021-02-09 00:56:24 --> 404 Page Not Found: /index
ERROR - 2021-02-09 00:57:15 --> 404 Page Not Found: /index
ERROR - 2021-02-09 00:57:15 --> 404 Page Not Found: /index
ERROR - 2021-02-09 00:57:16 --> 404 Page Not Found: /index
ERROR - 2021-02-09 00:57:16 --> 404 Page Not Found: /index
ERROR - 2021-02-09 00:57:19 --> 404 Page Not Found: /index
ERROR - 2021-02-09 00:57:19 --> 404 Page Not Found: /index
ERROR - 2021-02-09 00:57:43 --> Severity: Notice --> Undefined property: stdClass::$url /Users/acano/Developer/Web/myWebpage/application/modules/admin/views/default/experience/experience.php 44
ERROR - 2021-02-09 00:57:43 --> Severity: Notice --> Undefined property: stdClass::$faicon /Users/acano/Developer/Web/myWebpage/application/modules/admin/views/default/experience/experience.php 48
ERROR - 2021-02-09 00:57:43 --> Severity: Notice --> Undefined property: stdClass::$kind /Users/acano/Developer/Web/myWebpage/application/modules/admin/views/default/experience/experience.php 56
ERROR - 2021-02-09 00:57:43 --> Severity: Notice --> Undefined variable: kinds /Users/acano/Developer/Web/myWebpage/application/modules/admin/views/default/experience/experience.php 59
ERROR - 2021-02-09 00:57:43 --> Severity: Warning --> Invalid argument supplied for foreach() /Users/acano/Developer/Web/myWebpage/application/modules/admin/views/default/experience/experience.php 59
ERROR - 2021-02-09 00:57:43 --> 404 Page Not Found: /index
ERROR - 2021-02-09 00:57:43 --> 404 Page Not Found: /index
ERROR - 2021-02-09 00:58:20 --> 404 Page Not Found: /index
ERROR - 2021-02-09 00:58:20 --> 404 Page Not Found: /index
ERROR - 2021-02-09 00:58:38 --> 404 Page Not Found: /index
ERROR - 2021-02-09 00:58:38 --> 404 Page Not Found: /index
ERROR - 2021-02-09 01:01:24 --> Severity: Notice --> Undefined property: stdClass::$url /Users/acano/Developer/Web/myWebpage/application/modules/admin/views/default/experience/experience.php 44
ERROR - 2021-02-09 01:01:24 --> Severity: Notice --> Undefined property: stdClass::$faicon /Users/acano/Developer/Web/myWebpage/application/modules/admin/views/default/experience/experience.php 48
ERROR - 2021-02-09 01:01:24 --> Severity: Notice --> Undefined property: stdClass::$kind /Users/acano/Developer/Web/myWebpage/application/modules/admin/views/default/experience/experience.php 56
ERROR - 2021-02-09 01:01:24 --> Severity: Notice --> Undefined variable: kinds /Users/acano/Developer/Web/myWebpage/application/modules/admin/views/default/experience/experience.php 59
ERROR - 2021-02-09 01:01:24 --> Severity: Warning --> Invalid argument supplied for foreach() /Users/acano/Developer/Web/myWebpage/application/modules/admin/views/default/experience/experience.php 59
ERROR - 2021-02-09 01:01:24 --> 404 Page Not Found: /index
ERROR - 2021-02-09 01:01:24 --> 404 Page Not Found: /index
ERROR - 2021-02-09 01:01:27 --> Severity: Notice --> Undefined property: stdClass::$url /Users/acano/Developer/Web/myWebpage/application/modules/admin/views/default/experience/experience.php 44
ERROR - 2021-02-09 01:01:27 --> Severity: Notice --> Undefined property: stdClass::$faicon /Users/acano/Developer/Web/myWebpage/application/modules/admin/views/default/experience/experience.php 48
ERROR - 2021-02-09 01:01:27 --> Severity: Notice --> Undefined property: stdClass::$kind /Users/acano/Developer/Web/myWebpage/application/modules/admin/views/default/experience/experience.php 56
ERROR - 2021-02-09 01:01:27 --> Severity: Notice --> Undefined variable: kinds /Users/acano/Developer/Web/myWebpage/application/modules/admin/views/default/experience/experience.php 59
ERROR - 2021-02-09 01:01:27 --> Severity: Warning --> Invalid argument supplied for foreach() /Users/acano/Developer/Web/myWebpage/application/modules/admin/views/default/experience/experience.php 59
ERROR - 2021-02-09 01:01:27 --> 404 Page Not Found: /index
ERROR - 2021-02-09 01:01:27 --> 404 Page Not Found: /index
ERROR - 2021-02-09 01:09:12 --> 404 Page Not Found: /index
ERROR - 2021-02-09 01:16:00 --> 404 Page Not Found: /index
ERROR - 2021-02-09 01:16:00 --> 404 Page Not Found: /index
ERROR - 2021-02-09 01:16:01 --> 404 Page Not Found: /index
ERROR - 2021-02-09 01:16:01 --> 404 Page Not Found: /index
ERROR - 2021-02-09 01:19:16 --> 404 Page Not Found: /index
ERROR - 2021-02-09 01:19:16 --> 404 Page Not Found: /index
ERROR - 2021-02-09 01:20:25 --> Query error: Column 'start_date' cannot be null - Invalid query: INSERT INTO `experience` (`company`, `position`, `priority`, `image_name`, `start_date`, `end_date`, `location`, `create_date`, `last_update`) VALUES ('Ixaya', 'Computer vision developer', NULL, '', NULL, '', NULL, '2021-02-09 01:20:25', '2021-02-09 01:20:25')
ERROR - 2021-02-09 01:20:25 --> 404 Page Not Found: /index
ERROR - 2021-02-09 01:21:49 --> Query error: Column 'start_date' cannot be null - Invalid query: INSERT INTO `experience` (`company`, `position`, `priority`, `image_name`, `start_date`, `end_date`, `location`, `create_date`, `last_update`) VALUES ('Ixaya', 'Computer vision developer', NULL, '', NULL, '', NULL, '2021-02-09 01:21:49', '2021-02-09 01:21:49')
ERROR - 2021-02-09 01:22:41 --> Query error: Column 'start_date' cannot be null - Invalid query: INSERT INTO `experience` (`company`, `position`, `priority`, `image_name`, `start_date`, `end_date`, `location`, `create_date`, `last_update`) VALUES ('Ixaya', 'Computer vision developer', NULL, '', NULL, '', NULL, '2021-02-09 01:22:41', '2021-02-09 01:22:41')
ERROR - 2021-02-09 01:22:44 --> 404 Page Not Found: /index
ERROR - 2021-02-09 01:22:44 --> 404 Page Not Found: /index
ERROR - 2021-02-09 01:22:47 --> 404 Page Not Found: /index
ERROR - 2021-02-09 01:22:47 --> 404 Page Not Found: /index
ERROR - 2021-02-09 01:22:56 --> Query error: Column 'start_date' cannot be null - Invalid query: INSERT INTO `experience` (`company`, `position`, `priority`, `image_name`, `start_date`, `end_date`, `location`, `create_date`, `last_update`) VALUES ('Ixaya', '', NULL, '', NULL, '', NULL, '2021-02-09 01:22:56', '2021-02-09 01:22:56')
ERROR - 2021-02-09 01:23:46 --> Query error: Column 'start_date' cannot be null - Invalid query: INSERT INTO `experience` (`company`, `position`, `priority`, `image_name`, `start_date`, `end_date`, `location`, `create_date`, `last_update`) VALUES ('Ixaya', '', NULL, '', NULL, '', NULL, '2021-02-09 01:23:46', '2021-02-09 01:23:46')
ERROR - 2021-02-09 01:23:56 --> 404 Page Not Found: /index
ERROR - 2021-02-09 01:23:56 --> 404 Page Not Found: /index
ERROR - 2021-02-09 01:24:15 --> Query error: Column 'location' cannot be null - Invalid query: INSERT INTO `experience` (`company`, `position`, `priority`, `image_name`, `start_date`, `end_date`, `location`, `create_date`, `last_update`) VALUES ('Ixaya', '', NULL, '', 'May 2020', '', NULL, '2021-02-09 01:24:15', '2021-02-09 01:24:15')
ERROR - 2021-02-09 01:25:03 --> 404 Page Not Found: /index
ERROR - 2021-02-09 01:25:03 --> 404 Page Not Found: /index
ERROR - 2021-02-09 01:39:32 --> Severity: Notice --> Undefined variable: issue /Users/acano/Developer/Web/myWebpage/application/modules/admin/views/default/experience/experience.php 71
ERROR - 2021-02-09 01:39:32 --> Severity: Notice --> Trying to get property 'message' of non-object /Users/acano/Developer/Web/myWebpage/application/modules/admin/views/default/experience/experience.php 71
ERROR - 2021-02-09 01:39:32 --> 404 Page Not Found: /index
ERROR - 2021-02-09 01:39:32 --> 404 Page Not Found: /index
ERROR - 2021-02-09 01:39:33 --> 404 Page Not Found: /index
ERROR - 2021-02-09 01:39:33 --> 404 Page Not Found: /index
ERROR - 2021-02-09 01:39:33 --> 404 Page Not Found: /index
ERROR - 2021-02-09 01:40:55 --> 404 Page Not Found: /index
ERROR - 2021-02-09 01:40:55 --> 404 Page Not Found: /index
ERROR - 2021-02-09 01:40:55 --> 404 Page Not Found: /index
ERROR - 2021-02-09 01:40:55 --> 404 Page Not Found: /index
ERROR - 2021-02-09 01:40:55 --> 404 Page Not Found: /index
ERROR - 2021-02-09 01:45:12 --> 404 Page Not Found: /index
ERROR - 2021-02-09 01:45:12 --> 404 Page Not Found: /index
ERROR - 2021-02-09 01:45:12 --> 404 Page Not Found: /index
ERROR - 2021-02-09 01:45:12 --> 404 Page Not Found: /index
ERROR - 2021-02-09 01:45:12 --> 404 Page Not Found: /index
ERROR - 2021-02-09 01:45:51 --> 404 Page Not Found: /index
ERROR - 2021-02-09 01:45:51 --> 404 Page Not Found: /index
ERROR - 2021-02-09 01:45:51 --> 404 Page Not Found: /index
ERROR - 2021-02-09 01:45:51 --> 404 Page Not Found: /index
ERROR - 2021-02-09 01:45:51 --> 404 Page Not Found: /index
ERROR - 2021-02-09 01:45:54 --> 404 Page Not Found: /index
ERROR - 2021-02-09 01:45:54 --> 404 Page Not Found: /index
ERROR - 2021-02-09 01:45:54 --> 404 Page Not Found: /index
ERROR - 2021-02-09 01:45:54 --> 404 Page Not Found: /index
ERROR - 2021-02-09 01:45:54 --> 404 Page Not Found: /index
ERROR - 2021-02-09 01:58:22 --> 404 Page Not Found: /index
ERROR - 2021-02-09 01:58:22 --> 404 Page Not Found: /index
ERROR - 2021-02-09 01:58:26 --> 404 Page Not Found: /index
ERROR - 2021-02-09 01:58:26 --> 404 Page Not Found: /index
ERROR - 2021-02-09 02:09:37 --> 404 Page Not Found: /index
ERROR - 2021-02-09 02:09:37 --> 404 Page Not Found: /index
ERROR - 2021-02-09 02:10:35 --> 404 Page Not Found: /index
ERROR - 2021-02-09 02:10:35 --> 404 Page Not Found: /index
ERROR - 2021-02-09 02:11:08 --> 404 Page Not Found: /index
ERROR - 2021-02-09 02:11:08 --> 404 Page Not Found: /index
ERROR - 2021-02-09 02:11:52 --> 404 Page Not Found: /index
ERROR - 2021-02-09 02:12:51 --> 404 Page Not Found: /index
ERROR - 2021-02-09 02:12:58 --> 404 Page Not Found: /index
ERROR - 2021-02-09 02:13:50 --> 404 Page Not Found: /index
ERROR - 2021-02-09 02:27:46 --> 404 Page Not Found: /index
ERROR - 2021-02-09 02:27:47 --> 404 Page Not Found: /index
ERROR - 2021-02-09 02:27:51 --> 404 Page Not Found: /index
ERROR - 2021-02-09 02:27:51 --> 404 Page Not Found: /index
ERROR - 2021-02-09 02:34:43 --> 404 Page Not Found: /index
ERROR - 2021-02-09 02:34:43 --> 404 Page Not Found: /index
ERROR - 2021-02-09 02:34:49 --> 404 Page Not Found: /index
ERROR - 2021-02-09 02:34:49 --> 404 Page Not Found: /index
ERROR - 2021-02-09 02:35:09 --> 404 Page Not Found: /index
ERROR - 2021-02-09 02:35:09 --> 404 Page Not Found: /index
ERROR - 2021-02-09 02:38:08 --> 404 Page Not Found: ../modules/frontend/controllers/Frontend/projects
ERROR - 2021-02-09 02:38:08 --> 404 Page Not Found: /index
ERROR - 2021-02-09 02:38:58 --> Severity: Notice --> Undefined variable: social_network /Users/acano/Developer/Web/myWebpage/application/modules/frontend/views/default/frontend.php 21
ERROR - 2021-02-09 02:38:58 --> Severity: Notice --> Undefined variable: social_network /Users/acano/Developer/Web/myWebpage/application/modules/frontend/views/default/frontend.php 21
ERROR - 2021-02-09 02:38:58 --> Severity: Notice --> Undefined variable: social_network /Users/acano/Developer/Web/myWebpage/application/modules/frontend/views/default/frontend.php 21
ERROR - 2021-02-09 02:39:26 --> 404 Page Not Found: ../modules/frontend/controllers/Frontend/projects
ERROR - 2021-02-09 02:40:02 --> 404 Page Not Found: /index
ERROR - 2021-02-09 02:40:02 --> 404 Page Not Found: /index
ERROR - 2021-02-09 02:40:02 --> 404 Page Not Found: /index
ERROR - 2021-02-09 02:40:02 --> 404 Page Not Found: /index
ERROR - 2021-02-09 02:40:06 --> 404 Page Not Found: /index
ERROR - 2021-02-09 02:40:06 --> 404 Page Not Found: /index
ERROR - 2021-02-09 02:40:26 --> 404 Page Not Found: /index
ERROR - 2021-02-09 02:40:26 --> 404 Page Not Found: /index
ERROR - 2021-02-09 02:40:28 --> 404 Page Not Found: /index
ERROR - 2021-02-09 02:40:28 --> 404 Page Not Found: /index
ERROR - 2021-02-09 02:40:31 --> 404 Page Not Found: /index
ERROR - 2021-02-09 02:40:31 --> 404 Page Not Found: /index
ERROR - 2021-02-09 02:40:34 --> 404 Page Not Found: /index
ERROR - 2021-02-09 02:40:34 --> 404 Page Not Found: /index
ERROR - 2021-02-09 02:40:38 --> 404 Page Not Found: /index
ERROR - 2021-02-09 02:40:38 --> 404 Page Not Found: /index
ERROR - 2021-02-09 02:40:49 --> 404 Page Not Found: /index
ERROR - 2021-02-09 02:40:49 --> 404 Page Not Found: /index
ERROR - 2021-02-09 02:41:01 --> 404 Page Not Found: /index
ERROR - 2021-02-09 02:41:01 --> 404 Page Not Found: /index
ERROR - 2021-02-09 02:41:04 --> 404 Page Not Found: /index
ERROR - 2021-02-09 02:41:04 --> 404 Page Not Found: /index
ERROR - 2021-02-09 02:41:14 --> 404 Page Not Found: /index
ERROR - 2021-02-09 02:41:14 --> 404 Page Not Found: /index
ERROR - 2021-02-09 02:41:17 --> 404 Page Not Found: ../modules/frontend/controllers/Frontend/experinces
ERROR - 2021-02-09 02:41:17 --> 404 Page Not Found: /index
