ERROR - 2021-02-16 00:19:56 --> Query error: Table 'alonso.project' doesn't exist - Invalid query: SELECT *
FROM `project`
ERROR - 2021-02-16 00:21:56 --> 404 Page Not Found: /index
ERROR - 2021-02-16 00:21:56 --> 404 Page Not Found: /index
ERROR - 2021-02-16 00:21:56 --> 404 Page Not Found: /index
ERROR - 2021-02-16 00:22:00 --> 404 Page Not Found: /index
ERROR - 2021-02-16 00:22:00 --> 404 Page Not Found: /index
ERROR - 2021-02-16 00:22:03 --> Severity: Notice --> Undefined index: company /Users/acano/Developer/Web/myWebpage/application/modules/admin/views/default/experience/experiences.php 74
ERROR - 2021-02-16 00:22:03 --> Severity: Notice --> Undefined index: company /Users/acano/Developer/Web/myWebpage/application/modules/admin/views/default/experience/experiences.php 74
ERROR - 2021-02-16 00:22:03 --> Severity: Notice --> Undefined index: company /Users/acano/Developer/Web/myWebpage/application/modules/admin/views/default/experience/experiences.php 74
ERROR - 2021-02-16 00:22:03 --> Severity: Notice --> Undefined index: company /Users/acano/Developer/Web/myWebpage/application/modules/admin/views/default/experience/experiences.php 74
ERROR - 2021-02-16 00:22:03 --> 404 Page Not Found: /index
ERROR - 2021-02-16 00:22:03 --> 404 Page Not Found: /index
ERROR - 2021-02-16 00:22:28 --> 404 Page Not Found: /index
ERROR - 2021-02-16 00:22:28 --> 404 Page Not Found: /index
ERROR - 2021-02-16 00:22:44 --> Severity: Notice --> Undefined property: stdClass::$company /Users/acano/Developer/Web/myWebpage/application/modules/admin/views/default/experience/experience.php 36
ERROR - 2021-02-16 00:22:44 --> Severity: Notice --> Undefined property: stdClass::$logo /Users/acano/Developer/Web/myWebpage/application/modules/admin/views/default/experience/experience.php 58
ERROR - 2021-02-16 00:22:44 --> 404 Page Not Found: /index
ERROR - 2021-02-16 00:22:44 --> 404 Page Not Found: /index
ERROR - 2021-02-16 00:23:48 --> Severity: Notice --> Undefined property: stdClass::$company /Users/acano/Developer/Web/myWebpage/application/modules/admin/views/default/experience/experience.php 36
ERROR - 2021-02-16 00:23:48 --> Severity: Notice --> Undefined property: stdClass::$logo /Users/acano/Developer/Web/myWebpage/application/modules/admin/views/default/experience/experience.php 58
ERROR - 2021-02-16 00:23:48 --> 404 Page Not Found: /index
ERROR - 2021-02-16 00:23:48 --> 404 Page Not Found: /index
ERROR - 2021-02-16 00:24:06 --> Severity: Notice --> Undefined property: stdClass::$logo /Users/acano/Developer/Web/myWebpage/application/modules/admin/views/default/experience/experience.php 58
ERROR - 2021-02-16 00:24:06 --> 404 Page Not Found: /index
ERROR - 2021-02-16 00:24:06 --> 404 Page Not Found: /index
ERROR - 2021-02-16 00:24:43 --> 404 Page Not Found: /index
ERROR - 2021-02-16 00:24:43 --> 404 Page Not Found: /index
ERROR - 2021-02-16 00:29:21 --> 404 Page Not Found: /index
ERROR - 2021-02-16 00:29:21 --> 404 Page Not Found: /index
ERROR - 2021-02-16 00:32:57 --> Severity: Notice --> Undefined variable: experiencekind /Users/acano/Developer/Web/myWebpage/application/modules/admin/views/default/experience/experience.php 38
ERROR - 2021-02-16 00:32:57 --> Severity: Notice --> Undefined variable: experiencekind /Users/acano/Developer/Web/myWebpage/application/modules/admin/views/default/experience/experience.php 38
ERROR - 2021-02-16 00:32:57 --> Severity: Notice --> Undefined variable: experiencekind /Users/acano/Developer/Web/myWebpage/application/modules/admin/views/default/experience/experience.php 38
ERROR - 2021-02-16 00:32:57 --> Severity: Notice --> Undefined variable: experiencekind /Users/acano/Developer/Web/myWebpage/application/modules/admin/views/default/experience/experience.php 38
ERROR - 2021-02-16 00:32:57 --> Severity: Notice --> Undefined variable: experiencekind /Users/acano/Developer/Web/myWebpage/application/modules/admin/views/default/experience/experience.php 38
ERROR - 2021-02-16 00:32:58 --> 404 Page Not Found: /index
ERROR - 2021-02-16 00:32:58 --> 404 Page Not Found: /index
ERROR - 2021-02-16 00:33:54 --> Severity: Notice --> Undefined variable: experiencekind /Users/acano/Developer/Web/myWebpage/application/modules/admin/views/default/experience/experience.php 38
ERROR - 2021-02-16 00:33:54 --> Severity: Notice --> Undefined variable: experiencekind /Users/acano/Developer/Web/myWebpage/application/modules/admin/views/default/experience/experience.php 38
ERROR - 2021-02-16 00:33:54 --> Severity: Notice --> Undefined variable: experiencekind /Users/acano/Developer/Web/myWebpage/application/modules/admin/views/default/experience/experience.php 38
ERROR - 2021-02-16 00:33:54 --> Severity: Notice --> Undefined variable: experiencekind /Users/acano/Developer/Web/myWebpage/application/modules/admin/views/default/experience/experience.php 38
ERROR - 2021-02-16 00:33:54 --> Severity: Notice --> Undefined variable: experiencekind /Users/acano/Developer/Web/myWebpage/application/modules/admin/views/default/experience/experience.php 38
ERROR - 2021-02-16 00:33:54 --> 404 Page Not Found: /index
ERROR - 2021-02-16 00:33:54 --> 404 Page Not Found: /index
ERROR - 2021-02-16 00:34:28 --> 404 Page Not Found: /index
ERROR - 2021-02-16 00:34:28 --> 404 Page Not Found: /index
ERROR - 2021-02-16 00:36:20 --> 404 Page Not Found: /index
ERROR - 2021-02-16 00:36:20 --> 404 Page Not Found: /index
ERROR - 2021-02-16 00:48:10 --> 404 Page Not Found: /index
ERROR - 2021-02-16 00:48:10 --> 404 Page Not Found: /index
ERROR - 2021-02-16 00:56:21 --> 404 Page Not Found: /index
ERROR - 2021-02-16 00:56:21 --> 404 Page Not Found: /index
ERROR - 2021-02-16 00:59:35 --> 404 Page Not Found: /index
ERROR - 2021-02-16 00:59:35 --> 404 Page Not Found: /index
ERROR - 2021-02-16 01:01:42 --> 404 Page Not Found: /index
ERROR - 2021-02-16 01:01:42 --> 404 Page Not Found: /index
ERROR - 2021-02-16 01:01:46 --> 404 Page Not Found: /index
ERROR - 2021-02-16 01:01:46 --> 404 Page Not Found: /index
ERROR - 2021-02-16 01:01:46 --> 404 Page Not Found: /index
ERROR - 2021-02-16 01:02:28 --> 404 Page Not Found: /index
ERROR - 2021-02-16 01:02:28 --> 404 Page Not Found: /index
ERROR - 2021-02-16 01:02:29 --> 404 Page Not Found: /index
ERROR - 2021-02-16 01:04:14 --> 404 Page Not Found: /index
ERROR - 2021-02-16 01:04:14 --> 404 Page Not Found: /index
ERROR - 2021-02-16 01:10:59 --> 404 Page Not Found: /index
ERROR - 2021-02-16 01:10:59 --> 404 Page Not Found: /index
ERROR - 2021-02-16 01:11:44 --> 404 Page Not Found: /index
ERROR - 2021-02-16 01:11:44 --> 404 Page Not Found: /index
ERROR - 2021-02-16 01:15:36 --> 404 Page Not Found: /index
ERROR - 2021-02-16 01:15:36 --> 404 Page Not Found: /index
ERROR - 2021-02-16 01:15:48 --> 404 Page Not Found: /index
ERROR - 2021-02-16 01:24:03 --> 404 Page Not Found: /index
ERROR - 2021-02-16 01:24:45 --> 404 Page Not Found: /index
ERROR - 2021-02-16 01:24:45 --> 404 Page Not Found: /index
ERROR - 2021-02-16 01:26:06 --> 404 Page Not Found: /index
ERROR - 2021-02-16 01:37:15 --> 404 Page Not Found: /index
ERROR - 2021-02-16 02:50:41 --> 404 Page Not Found: /index
ERROR - 2021-02-16 03:24:01 --> Severity: Notice --> Undefined variable: kinds /Users/acano/Developer/Web/myWebpage/application/modules/admin/views/default/experience/experiences.php 93
ERROR - 2021-02-16 03:24:01 --> Severity: Notice --> Undefined variable: kinds /Users/acano/Developer/Web/myWebpage/application/modules/admin/views/default/experience/experiences.php 93
ERROR - 2021-02-16 03:24:01 --> Severity: Notice --> Undefined variable: kinds /Users/acano/Developer/Web/myWebpage/application/modules/admin/views/default/experience/experiences.php 93
ERROR - 2021-02-16 03:24:01 --> Severity: Notice --> Undefined variable: kinds /Users/acano/Developer/Web/myWebpage/application/modules/admin/views/default/experience/experiences.php 93
ERROR - 2021-02-16 03:24:01 --> Severity: Notice --> Undefined variable: kinds /Users/acano/Developer/Web/myWebpage/application/modules/admin/views/default/experience/experiences.php 93
ERROR - 2021-02-16 03:24:50 --> Severity: Notice --> Undefined variable: kinds /Users/acano/Developer/Web/myWebpage/application/modules/admin/views/default/experience/experiences.php 93
ERROR - 2021-02-16 03:24:50 --> Severity: Notice --> Undefined variable: kinds /Users/acano/Developer/Web/myWebpage/application/modules/admin/views/default/experience/experiences.php 93
ERROR - 2021-02-16 03:24:50 --> Severity: Notice --> Undefined variable: kinds /Users/acano/Developer/Web/myWebpage/application/modules/admin/views/default/experience/experiences.php 93
ERROR - 2021-02-16 03:24:50 --> Severity: Notice --> Undefined variable: kinds /Users/acano/Developer/Web/myWebpage/application/modules/admin/views/default/experience/experiences.php 93
ERROR - 2021-02-16 03:24:50 --> Severity: Notice --> Undefined variable: kinds /Users/acano/Developer/Web/myWebpage/application/modules/admin/views/default/experience/experiences.php 93
ERROR - 2021-02-16 03:25:26 --> Severity: Notice --> Undefined variable: kinds /Users/acano/Developer/Web/myWebpage/application/modules/admin/views/default/experience/experiences.php 93
ERROR - 2021-02-16 03:25:26 --> Severity: Notice --> Undefined variable: kinds /Users/acano/Developer/Web/myWebpage/application/modules/admin/views/default/experience/experiences.php 93
ERROR - 2021-02-16 03:25:26 --> Severity: Notice --> Undefined variable: kinds /Users/acano/Developer/Web/myWebpage/application/modules/admin/views/default/experience/experiences.php 93
ERROR - 2021-02-16 03:25:26 --> Severity: Notice --> Undefined variable: kinds /Users/acano/Developer/Web/myWebpage/application/modules/admin/views/default/experience/experiences.php 93
ERROR - 2021-02-16 03:25:26 --> Severity: Notice --> Undefined variable: kinds /Users/acano/Developer/Web/myWebpage/application/modules/admin/views/default/experience/experiences.php 93
ERROR - 2021-02-16 03:26:50 --> Severity: Notice --> Undefined variable: kinds /Users/acano/Developer/Web/myWebpage/application/modules/admin/views/default/experience/experiences.php 93
ERROR - 2021-02-16 03:26:50 --> Severity: Notice --> Undefined variable: kinds /Users/acano/Developer/Web/myWebpage/application/modules/admin/views/default/experience/experiences.php 93
ERROR - 2021-02-16 03:26:50 --> Severity: Notice --> Undefined variable: kinds /Users/acano/Developer/Web/myWebpage/application/modules/admin/views/default/experience/experiences.php 93
ERROR - 2021-02-16 03:26:50 --> Severity: Notice --> Undefined variable: kinds /Users/acano/Developer/Web/myWebpage/application/modules/admin/views/default/experience/experiences.php 93
ERROR - 2021-02-16 03:26:50 --> Severity: Notice --> Undefined variable: kinds /Users/acano/Developer/Web/myWebpage/application/modules/admin/views/default/experience/experiences.php 93
ERROR - 2021-02-16 03:27:30 --> Severity: Notice --> Undefined index: kinds /Users/acano/Developer/Web/myWebpage/application/modules/admin/views/default/experience/experiences.php 93
ERROR - 2021-02-16 03:27:30 --> Severity: Notice --> Undefined variable: kinds /Users/acano/Developer/Web/myWebpage/application/modules/admin/views/default/experience/experiences.php 93
ERROR - 2021-02-16 03:27:30 --> Severity: Notice --> Undefined index: kinds /Users/acano/Developer/Web/myWebpage/application/modules/admin/views/default/experience/experiences.php 93
ERROR - 2021-02-16 03:27:30 --> Severity: Notice --> Undefined variable: kinds /Users/acano/Developer/Web/myWebpage/application/modules/admin/views/default/experience/experiences.php 93
ERROR - 2021-02-16 03:27:30 --> Severity: Notice --> Undefined index: kinds /Users/acano/Developer/Web/myWebpage/application/modules/admin/views/default/experience/experiences.php 93
ERROR - 2021-02-16 03:27:30 --> Severity: Notice --> Undefined variable: kinds /Users/acano/Developer/Web/myWebpage/application/modules/admin/views/default/experience/experiences.php 93
ERROR - 2021-02-16 03:27:30 --> Severity: Notice --> Undefined index: kinds /Users/acano/Developer/Web/myWebpage/application/modules/admin/views/default/experience/experiences.php 93
ERROR - 2021-02-16 03:27:30 --> Severity: Notice --> Undefined variable: kinds /Users/acano/Developer/Web/myWebpage/application/modules/admin/views/default/experience/experiences.php 93
ERROR - 2021-02-16 03:27:30 --> Severity: Notice --> Undefined index: kinds /Users/acano/Developer/Web/myWebpage/application/modules/admin/views/default/experience/experiences.php 93
ERROR - 2021-02-16 03:27:30 --> Severity: Notice --> Undefined variable: kinds /Users/acano/Developer/Web/myWebpage/application/modules/admin/views/default/experience/experiences.php 93
ERROR - 2021-02-16 03:27:40 --> Severity: Notice --> Undefined variable: kind /Users/acano/Developer/Web/myWebpage/application/modules/admin/views/default/experience/experiences.php 93
ERROR - 2021-02-16 03:27:40 --> Severity: Notice --> Undefined variable: kind /Users/acano/Developer/Web/myWebpage/application/modules/admin/views/default/experience/experiences.php 93
ERROR - 2021-02-16 03:27:40 --> Severity: Notice --> Undefined variable: kind /Users/acano/Developer/Web/myWebpage/application/modules/admin/views/default/experience/experiences.php 93
ERROR - 2021-02-16 03:27:40 --> Severity: Notice --> Undefined variable: kind /Users/acano/Developer/Web/myWebpage/application/modules/admin/views/default/experience/experiences.php 93
ERROR - 2021-02-16 03:27:40 --> Severity: Notice --> Undefined variable: kind /Users/acano/Developer/Web/myWebpage/application/modules/admin/views/default/experience/experiences.php 93
ERROR - 2021-02-16 03:27:52 --> Severity: Notice --> Undefined variable: kind /Users/acano/Developer/Web/myWebpage/application/modules/admin/views/default/experience/experiences.php 93
ERROR - 2021-02-16 03:27:52 --> Severity: Notice --> Undefined variable: kind /Users/acano/Developer/Web/myWebpage/application/modules/admin/views/default/experience/experiences.php 93
ERROR - 2021-02-16 03:27:52 --> Severity: Notice --> Undefined variable: kind /Users/acano/Developer/Web/myWebpage/application/modules/admin/views/default/experience/experiences.php 93
ERROR - 2021-02-16 03:27:52 --> Severity: Notice --> Undefined variable: kind /Users/acano/Developer/Web/myWebpage/application/modules/admin/views/default/experience/experiences.php 93
ERROR - 2021-02-16 03:27:52 --> Severity: Notice --> Undefined variable: kind /Users/acano/Developer/Web/myWebpage/application/modules/admin/views/default/experience/experiences.php 93
ERROR - 2021-02-16 15:34:57 --> 404 Page Not Found: ../modules/admin/controllers/Admin/page_items
ERROR - 2021-02-16 15:35:06 --> 404 Page Not Found: ../modules/admin/controllers/Admin/page_items
ERROR - 2021-02-16 15:35:13 --> 404 Page Not Found: ../modules/admin/controllers/Admin/experience
ERROR - 2021-02-16 15:35:13 --> 404 Page Not Found: /index
ERROR - 2021-02-16 17:04:51 --> 404 Page Not Found: /index
ERROR - 2021-02-16 17:04:56 --> 404 Page Not Found: ../modules/admin/controllers/Admin/page_items
ERROR - 2021-02-16 17:04:56 --> 404 Page Not Found: /index
ERROR - 2021-02-16 17:06:32 --> 404 Page Not Found: ../modules/admin/controllers/Admin/page_items
ERROR - 2021-02-16 17:08:05 --> Severity: Notice --> Undefined variable: showcases /Users/acano/Developer/Web/myWebpage/application/modules/admin/views/default/front_item/front_items.php 73
